[2024-06-06T12:28:14.329+0000] {processor.py:161} INFO - Started process (PID=81) to work on /opt/airflow/dags/historic_main.py
[2024-06-06T12:28:14.330+0000] {processor.py:830} INFO - Processing file /opt/airflow/dags/historic_main.py for tasks to queue
[2024-06-06T12:28:14.332+0000] {logging_mixin.py:188} INFO - [2024-06-06T12:28:14.331+0000] {dagbag.py:545} INFO - Filling up the DagBag from /opt/airflow/dags/historic_main.py
[2024-06-06T12:28:14.384+0000] {processor.py:840} INFO - DAG(s) 'historic_weather_data_dag' retrieved from /opt/airflow/dags/historic_main.py
[2024-06-06T12:28:14.406+0000] {logging_mixin.py:188} INFO - [2024-06-06T12:28:14.406+0000] {dag.py:3096} INFO - Sync 1 DAGs
[2024-06-06T12:28:14.423+0000] {logging_mixin.py:188} INFO - [2024-06-06T12:28:14.423+0000] {dag.py:3954} INFO - Setting next_dagrun for historic_weather_data_dag to None, run_after=None
[2024-06-06T12:28:14.497+0000] {processor.py:183} INFO - Processing /opt/airflow/dags/historic_main.py took 0.176 seconds
[2024-06-06T12:28:44.904+0000] {processor.py:161} INFO - Started process (PID=83) to work on /opt/airflow/dags/historic_main.py
[2024-06-06T12:28:44.906+0000] {processor.py:830} INFO - Processing file /opt/airflow/dags/historic_main.py for tasks to queue
[2024-06-06T12:28:44.911+0000] {logging_mixin.py:188} INFO - [2024-06-06T12:28:44.910+0000] {dagbag.py:545} INFO - Filling up the DagBag from /opt/airflow/dags/historic_main.py
[2024-06-06T12:28:44.961+0000] {processor.py:840} INFO - DAG(s) 'historic_weather_data_dag' retrieved from /opt/airflow/dags/historic_main.py
[2024-06-06T12:28:44.965+0000] {logging_mixin.py:188} INFO - [2024-06-06T12:28:44.965+0000] {dag.py:3096} INFO - Sync 1 DAGs
[2024-06-06T12:28:44.978+0000] {logging_mixin.py:188} INFO - [2024-06-06T12:28:44.978+0000] {dag.py:3954} INFO - Setting next_dagrun for historic_weather_data_dag to None, run_after=None
[2024-06-06T12:28:45.394+0000] {processor.py:183} INFO - Processing /opt/airflow/dags/historic_main.py took 0.510 seconds
[2024-06-06T12:29:15.631+0000] {processor.py:161} INFO - Started process (PID=85) to work on /opt/airflow/dags/historic_main.py
[2024-06-06T12:29:15.654+0000] {processor.py:830} INFO - Processing file /opt/airflow/dags/historic_main.py for tasks to queue
[2024-06-06T12:29:15.659+0000] {logging_mixin.py:188} INFO - [2024-06-06T12:29:15.658+0000] {dagbag.py:545} INFO - Filling up the DagBag from /opt/airflow/dags/historic_main.py
[2024-06-06T12:29:15.717+0000] {processor.py:840} INFO - DAG(s) 'historic_weather_data_dag' retrieved from /opt/airflow/dags/historic_main.py
[2024-06-06T12:29:15.837+0000] {logging_mixin.py:188} INFO - [2024-06-06T12:29:15.837+0000] {dag.py:3096} INFO - Sync 1 DAGs
[2024-06-06T12:29:15.847+0000] {logging_mixin.py:188} INFO - [2024-06-06T12:29:15.846+0000] {dag.py:3954} INFO - Setting next_dagrun for historic_weather_data_dag to None, run_after=None
[2024-06-06T12:29:15.883+0000] {processor.py:183} INFO - Processing /opt/airflow/dags/historic_main.py took 0.260 seconds
[2024-06-06T12:29:46.135+0000] {processor.py:161} INFO - Started process (PID=87) to work on /opt/airflow/dags/historic_main.py
[2024-06-06T12:29:46.136+0000] {processor.py:830} INFO - Processing file /opt/airflow/dags/historic_main.py for tasks to queue
[2024-06-06T12:29:46.138+0000] {logging_mixin.py:188} INFO - [2024-06-06T12:29:46.137+0000] {dagbag.py:545} INFO - Filling up the DagBag from /opt/airflow/dags/historic_main.py
[2024-06-06T12:29:46.177+0000] {processor.py:840} INFO - DAG(s) 'historic_weather_data_dag' retrieved from /opt/airflow/dags/historic_main.py
[2024-06-06T12:29:46.264+0000] {logging_mixin.py:188} INFO - [2024-06-06T12:29:46.263+0000] {dag.py:3096} INFO - Sync 1 DAGs
[2024-06-06T12:29:46.274+0000] {logging_mixin.py:188} INFO - [2024-06-06T12:29:46.273+0000] {dag.py:3954} INFO - Setting next_dagrun for historic_weather_data_dag to None, run_after=None
[2024-06-06T12:29:46.302+0000] {processor.py:183} INFO - Processing /opt/airflow/dags/historic_main.py took 0.175 seconds
[2024-06-06T12:30:16.576+0000] {processor.py:161} INFO - Started process (PID=89) to work on /opt/airflow/dags/historic_main.py
[2024-06-06T12:30:16.579+0000] {processor.py:830} INFO - Processing file /opt/airflow/dags/historic_main.py for tasks to queue
[2024-06-06T12:30:16.581+0000] {logging_mixin.py:188} INFO - [2024-06-06T12:30:16.581+0000] {dagbag.py:545} INFO - Filling up the DagBag from /opt/airflow/dags/historic_main.py
[2024-06-06T12:30:16.624+0000] {processor.py:840} INFO - DAG(s) 'historic_weather_data_dag' retrieved from /opt/airflow/dags/historic_main.py
[2024-06-06T12:30:16.754+0000] {logging_mixin.py:188} INFO - [2024-06-06T12:30:16.754+0000] {dag.py:3096} INFO - Sync 1 DAGs
[2024-06-06T12:30:16.768+0000] {logging_mixin.py:188} INFO - [2024-06-06T12:30:16.768+0000] {dag.py:3954} INFO - Setting next_dagrun for historic_weather_data_dag to None, run_after=None
[2024-06-06T12:30:17.451+0000] {processor.py:183} INFO - Processing /opt/airflow/dags/historic_main.py took 0.883 seconds
[2024-06-06T12:30:47.718+0000] {processor.py:161} INFO - Started process (PID=91) to work on /opt/airflow/dags/historic_main.py
[2024-06-06T12:30:47.719+0000] {processor.py:830} INFO - Processing file /opt/airflow/dags/historic_main.py for tasks to queue
[2024-06-06T12:30:47.721+0000] {logging_mixin.py:188} INFO - [2024-06-06T12:30:47.720+0000] {dagbag.py:545} INFO - Filling up the DagBag from /opt/airflow/dags/historic_main.py
[2024-06-06T12:30:47.763+0000] {processor.py:840} INFO - DAG(s) 'historic_weather_data_dag' retrieved from /opt/airflow/dags/historic_main.py
[2024-06-06T12:30:47.894+0000] {logging_mixin.py:188} INFO - [2024-06-06T12:30:47.894+0000] {dag.py:3096} INFO - Sync 1 DAGs
[2024-06-06T12:30:47.907+0000] {logging_mixin.py:188} INFO - [2024-06-06T12:30:47.906+0000] {dag.py:3954} INFO - Setting next_dagrun for historic_weather_data_dag to None, run_after=None
[2024-06-06T12:30:48.016+0000] {processor.py:183} INFO - Processing /opt/airflow/dags/historic_main.py took 0.306 seconds
[2024-06-06T12:31:18.292+0000] {processor.py:161} INFO - Started process (PID=93) to work on /opt/airflow/dags/historic_main.py
[2024-06-06T12:31:18.294+0000] {processor.py:830} INFO - Processing file /opt/airflow/dags/historic_main.py for tasks to queue
[2024-06-06T12:31:18.299+0000] {logging_mixin.py:188} INFO - [2024-06-06T12:31:18.298+0000] {dagbag.py:545} INFO - Filling up the DagBag from /opt/airflow/dags/historic_main.py
[2024-06-06T12:31:18.426+0000] {processor.py:840} INFO - DAG(s) 'historic_weather_data_dag' retrieved from /opt/airflow/dags/historic_main.py
[2024-06-06T12:31:18.540+0000] {logging_mixin.py:188} INFO - [2024-06-06T12:31:18.539+0000] {dag.py:3096} INFO - Sync 1 DAGs
[2024-06-06T12:31:18.553+0000] {logging_mixin.py:188} INFO - [2024-06-06T12:31:18.552+0000] {dag.py:3954} INFO - Setting next_dagrun for historic_weather_data_dag to None, run_after=None
[2024-06-06T12:31:18.982+0000] {processor.py:183} INFO - Processing /opt/airflow/dags/historic_main.py took 0.714 seconds
[2024-06-06T12:31:49.214+0000] {processor.py:161} INFO - Started process (PID=95) to work on /opt/airflow/dags/historic_main.py
[2024-06-06T12:31:49.215+0000] {processor.py:830} INFO - Processing file /opt/airflow/dags/historic_main.py for tasks to queue
[2024-06-06T12:31:49.217+0000] {logging_mixin.py:188} INFO - [2024-06-06T12:31:49.216+0000] {dagbag.py:545} INFO - Filling up the DagBag from /opt/airflow/dags/historic_main.py
[2024-06-06T12:31:49.255+0000] {processor.py:840} INFO - DAG(s) 'historic_weather_data_dag' retrieved from /opt/airflow/dags/historic_main.py
[2024-06-06T12:31:49.383+0000] {logging_mixin.py:188} INFO - [2024-06-06T12:31:49.382+0000] {dag.py:3096} INFO - Sync 1 DAGs
[2024-06-06T12:31:49.397+0000] {logging_mixin.py:188} INFO - [2024-06-06T12:31:49.396+0000] {dag.py:3954} INFO - Setting next_dagrun for historic_weather_data_dag to None, run_after=None
[2024-06-06T12:31:49.509+0000] {processor.py:183} INFO - Processing /opt/airflow/dags/historic_main.py took 0.301 seconds
[2024-06-06T12:32:19.747+0000] {processor.py:161} INFO - Started process (PID=97) to work on /opt/airflow/dags/historic_main.py
[2024-06-06T12:32:19.748+0000] {processor.py:830} INFO - Processing file /opt/airflow/dags/historic_main.py for tasks to queue
[2024-06-06T12:32:19.749+0000] {logging_mixin.py:188} INFO - [2024-06-06T12:32:19.749+0000] {dagbag.py:545} INFO - Filling up the DagBag from /opt/airflow/dags/historic_main.py
[2024-06-06T12:32:19.791+0000] {processor.py:840} INFO - DAG(s) 'historic_weather_data_dag' retrieved from /opt/airflow/dags/historic_main.py
[2024-06-06T12:32:19.922+0000] {logging_mixin.py:188} INFO - [2024-06-06T12:32:19.922+0000] {dag.py:3096} INFO - Sync 1 DAGs
[2024-06-06T12:32:19.935+0000] {logging_mixin.py:188} INFO - [2024-06-06T12:32:19.934+0000] {dag.py:3954} INFO - Setting next_dagrun for historic_weather_data_dag to None, run_after=None
[2024-06-06T12:32:19.989+0000] {processor.py:183} INFO - Processing /opt/airflow/dags/historic_main.py took 0.248 seconds
[2024-06-06T12:32:50.224+0000] {processor.py:161} INFO - Started process (PID=99) to work on /opt/airflow/dags/historic_main.py
[2024-06-06T12:32:50.225+0000] {processor.py:830} INFO - Processing file /opt/airflow/dags/historic_main.py for tasks to queue
[2024-06-06T12:32:50.227+0000] {logging_mixin.py:188} INFO - [2024-06-06T12:32:50.226+0000] {dagbag.py:545} INFO - Filling up the DagBag from /opt/airflow/dags/historic_main.py
[2024-06-06T12:32:50.262+0000] {processor.py:840} INFO - DAG(s) 'historic_weather_data_dag' retrieved from /opt/airflow/dags/historic_main.py
[2024-06-06T12:32:50.349+0000] {logging_mixin.py:188} INFO - [2024-06-06T12:32:50.349+0000] {dag.py:3096} INFO - Sync 1 DAGs
[2024-06-06T12:32:50.359+0000] {logging_mixin.py:188} INFO - [2024-06-06T12:32:50.359+0000] {dag.py:3954} INFO - Setting next_dagrun for historic_weather_data_dag to None, run_after=None
[2024-06-06T12:32:50.889+0000] {processor.py:183} INFO - Processing /opt/airflow/dags/historic_main.py took 0.673 seconds
[2024-06-06T12:33:21.167+0000] {processor.py:161} INFO - Started process (PID=101) to work on /opt/airflow/dags/historic_main.py
[2024-06-06T12:33:21.168+0000] {processor.py:830} INFO - Processing file /opt/airflow/dags/historic_main.py for tasks to queue
[2024-06-06T12:33:21.170+0000] {logging_mixin.py:188} INFO - [2024-06-06T12:33:21.169+0000] {dagbag.py:545} INFO - Filling up the DagBag from /opt/airflow/dags/historic_main.py
[2024-06-06T12:33:21.209+0000] {processor.py:840} INFO - DAG(s) 'historic_weather_data_dag' retrieved from /opt/airflow/dags/historic_main.py
[2024-06-06T12:33:21.297+0000] {logging_mixin.py:188} INFO - [2024-06-06T12:33:21.297+0000] {dag.py:3096} INFO - Sync 1 DAGs
[2024-06-06T12:33:21.308+0000] {logging_mixin.py:188} INFO - [2024-06-06T12:33:21.308+0000] {dag.py:3954} INFO - Setting next_dagrun for historic_weather_data_dag to None, run_after=None
[2024-06-06T12:33:21.536+0000] {processor.py:183} INFO - Processing /opt/airflow/dags/historic_main.py took 0.378 seconds
[2024-06-06T12:33:51.652+0000] {processor.py:161} INFO - Started process (PID=103) to work on /opt/airflow/dags/historic_main.py
[2024-06-06T12:33:51.653+0000] {processor.py:830} INFO - Processing file /opt/airflow/dags/historic_main.py for tasks to queue
[2024-06-06T12:33:51.654+0000] {logging_mixin.py:188} INFO - [2024-06-06T12:33:51.654+0000] {dagbag.py:545} INFO - Filling up the DagBag from /opt/airflow/dags/historic_main.py
[2024-06-06T12:33:51.697+0000] {processor.py:840} INFO - DAG(s) 'historic_weather_data_dag' retrieved from /opt/airflow/dags/historic_main.py
[2024-06-06T12:33:51.818+0000] {logging_mixin.py:188} INFO - [2024-06-06T12:33:51.818+0000] {dag.py:3096} INFO - Sync 1 DAGs
[2024-06-06T12:33:51.831+0000] {logging_mixin.py:188} INFO - [2024-06-06T12:33:51.830+0000] {dag.py:3954} INFO - Setting next_dagrun for historic_weather_data_dag to None, run_after=None
[2024-06-06T12:33:52.453+0000] {processor.py:183} INFO - Processing /opt/airflow/dags/historic_main.py took 0.808 seconds
[2024-06-06T12:34:22.682+0000] {processor.py:161} INFO - Started process (PID=105) to work on /opt/airflow/dags/historic_main.py
[2024-06-06T12:34:22.683+0000] {processor.py:830} INFO - Processing file /opt/airflow/dags/historic_main.py for tasks to queue
[2024-06-06T12:34:22.684+0000] {logging_mixin.py:188} INFO - [2024-06-06T12:34:22.684+0000] {dagbag.py:545} INFO - Filling up the DagBag from /opt/airflow/dags/historic_main.py
[2024-06-06T12:34:22.722+0000] {processor.py:840} INFO - DAG(s) 'historic_weather_data_dag' retrieved from /opt/airflow/dags/historic_main.py
[2024-06-06T12:34:22.809+0000] {logging_mixin.py:188} INFO - [2024-06-06T12:34:22.808+0000] {dag.py:3096} INFO - Sync 1 DAGs
[2024-06-06T12:34:22.818+0000] {logging_mixin.py:188} INFO - [2024-06-06T12:34:22.818+0000] {dag.py:3954} INFO - Setting next_dagrun for historic_weather_data_dag to None, run_after=None
[2024-06-06T12:34:23.483+0000] {processor.py:183} INFO - Processing /opt/airflow/dags/historic_main.py took 0.807 seconds
[2024-06-06T12:34:53.705+0000] {processor.py:161} INFO - Started process (PID=107) to work on /opt/airflow/dags/historic_main.py
[2024-06-06T12:34:54.106+0000] {processor.py:830} INFO - Processing file /opt/airflow/dags/historic_main.py for tasks to queue
[2024-06-06T12:34:54.110+0000] {logging_mixin.py:188} INFO - [2024-06-06T12:34:54.110+0000] {dagbag.py:545} INFO - Filling up the DagBag from /opt/airflow/dags/historic_main.py
[2024-06-06T12:34:54.154+0000] {processor.py:840} INFO - DAG(s) 'historic_weather_data_dag' retrieved from /opt/airflow/dags/historic_main.py
[2024-06-06T12:34:54.272+0000] {logging_mixin.py:188} INFO - [2024-06-06T12:34:54.272+0000] {dag.py:3096} INFO - Sync 1 DAGs
[2024-06-06T12:34:54.286+0000] {logging_mixin.py:188} INFO - [2024-06-06T12:34:54.286+0000] {dag.py:3954} INFO - Setting next_dagrun for historic_weather_data_dag to None, run_after=None
[2024-06-06T12:34:54.324+0000] {processor.py:183} INFO - Processing /opt/airflow/dags/historic_main.py took 0.625 seconds
[2024-06-06T12:35:24.562+0000] {processor.py:161} INFO - Started process (PID=109) to work on /opt/airflow/dags/historic_main.py
[2024-06-06T12:35:24.563+0000] {processor.py:830} INFO - Processing file /opt/airflow/dags/historic_main.py for tasks to queue
[2024-06-06T12:35:24.564+0000] {logging_mixin.py:188} INFO - [2024-06-06T12:35:24.564+0000] {dagbag.py:545} INFO - Filling up the DagBag from /opt/airflow/dags/historic_main.py
[2024-06-06T12:35:24.599+0000] {processor.py:840} INFO - DAG(s) 'historic_weather_data_dag' retrieved from /opt/airflow/dags/historic_main.py
[2024-06-06T12:35:24.687+0000] {logging_mixin.py:188} INFO - [2024-06-06T12:35:24.686+0000] {dag.py:3096} INFO - Sync 1 DAGs
[2024-06-06T12:35:24.696+0000] {logging_mixin.py:188} INFO - [2024-06-06T12:35:24.695+0000] {dag.py:3954} INFO - Setting next_dagrun for historic_weather_data_dag to None, run_after=None
[2024-06-06T12:35:25.110+0000] {processor.py:183} INFO - Processing /opt/airflow/dags/historic_main.py took 0.557 seconds
[2024-06-06T12:35:55.357+0000] {processor.py:161} INFO - Started process (PID=111) to work on /opt/airflow/dags/historic_main.py
[2024-06-06T12:35:55.358+0000] {processor.py:830} INFO - Processing file /opt/airflow/dags/historic_main.py for tasks to queue
[2024-06-06T12:35:55.359+0000] {logging_mixin.py:188} INFO - [2024-06-06T12:35:55.359+0000] {dagbag.py:545} INFO - Filling up the DagBag from /opt/airflow/dags/historic_main.py
[2024-06-06T12:35:55.404+0000] {processor.py:840} INFO - DAG(s) 'historic_weather_data_dag' retrieved from /opt/airflow/dags/historic_main.py
[2024-06-06T12:35:55.501+0000] {logging_mixin.py:188} INFO - [2024-06-06T12:35:55.501+0000] {dag.py:3096} INFO - Sync 1 DAGs
[2024-06-06T12:35:55.516+0000] {logging_mixin.py:188} INFO - [2024-06-06T12:35:55.516+0000] {dag.py:3954} INFO - Setting next_dagrun for historic_weather_data_dag to None, run_after=None
[2024-06-06T12:35:55.646+0000] {processor.py:183} INFO - Processing /opt/airflow/dags/historic_main.py took 0.295 seconds
[2024-06-06T12:36:25.910+0000] {processor.py:161} INFO - Started process (PID=113) to work on /opt/airflow/dags/historic_main.py
[2024-06-06T12:36:25.911+0000] {processor.py:830} INFO - Processing file /opt/airflow/dags/historic_main.py for tasks to queue
[2024-06-06T12:36:25.913+0000] {logging_mixin.py:188} INFO - [2024-06-06T12:36:25.913+0000] {dagbag.py:545} INFO - Filling up the DagBag from /opt/airflow/dags/historic_main.py
[2024-06-06T12:36:25.955+0000] {processor.py:840} INFO - DAG(s) 'historic_weather_data_dag' retrieved from /opt/airflow/dags/historic_main.py
[2024-06-06T12:36:26.086+0000] {logging_mixin.py:188} INFO - [2024-06-06T12:36:26.086+0000] {dag.py:3096} INFO - Sync 1 DAGs
[2024-06-06T12:36:26.096+0000] {logging_mixin.py:188} INFO - [2024-06-06T12:36:26.096+0000] {dag.py:3954} INFO - Setting next_dagrun for historic_weather_data_dag to None, run_after=None
[2024-06-06T12:36:26.424+0000] {processor.py:183} INFO - Processing /opt/airflow/dags/historic_main.py took 0.523 seconds
[2024-06-06T12:36:56.686+0000] {processor.py:161} INFO - Started process (PID=115) to work on /opt/airflow/dags/historic_main.py
[2024-06-06T12:36:56.687+0000] {processor.py:830} INFO - Processing file /opt/airflow/dags/historic_main.py for tasks to queue
[2024-06-06T12:36:56.690+0000] {logging_mixin.py:188} INFO - [2024-06-06T12:36:56.689+0000] {dagbag.py:545} INFO - Filling up the DagBag from /opt/airflow/dags/historic_main.py
[2024-06-06T12:36:56.750+0000] {processor.py:840} INFO - DAG(s) 'historic_weather_data_dag' retrieved from /opt/airflow/dags/historic_main.py
[2024-06-06T12:36:56.894+0000] {logging_mixin.py:188} INFO - [2024-06-06T12:36:56.894+0000] {dag.py:3096} INFO - Sync 1 DAGs
[2024-06-06T12:36:56.904+0000] {logging_mixin.py:188} INFO - [2024-06-06T12:36:56.904+0000] {dag.py:3954} INFO - Setting next_dagrun for historic_weather_data_dag to None, run_after=None
[2024-06-06T12:36:57.054+0000] {processor.py:183} INFO - Processing /opt/airflow/dags/historic_main.py took 0.378 seconds
[2024-06-06T12:37:27.259+0000] {processor.py:161} INFO - Started process (PID=117) to work on /opt/airflow/dags/historic_main.py
[2024-06-06T12:37:27.260+0000] {processor.py:830} INFO - Processing file /opt/airflow/dags/historic_main.py for tasks to queue
[2024-06-06T12:37:27.261+0000] {logging_mixin.py:188} INFO - [2024-06-06T12:37:27.261+0000] {dagbag.py:545} INFO - Filling up the DagBag from /opt/airflow/dags/historic_main.py
[2024-06-06T12:37:27.309+0000] {processor.py:840} INFO - DAG(s) 'historic_weather_data_dag' retrieved from /opt/airflow/dags/historic_main.py
[2024-06-06T12:37:27.440+0000] {logging_mixin.py:188} INFO - [2024-06-06T12:37:27.440+0000] {dag.py:3096} INFO - Sync 1 DAGs
[2024-06-06T12:37:27.452+0000] {logging_mixin.py:188} INFO - [2024-06-06T12:37:27.452+0000] {dag.py:3954} INFO - Setting next_dagrun for historic_weather_data_dag to None, run_after=None
[2024-06-06T12:37:27.929+0000] {processor.py:183} INFO - Processing /opt/airflow/dags/historic_main.py took 0.676 seconds
[2024-06-06T12:37:58.167+0000] {processor.py:161} INFO - Started process (PID=119) to work on /opt/airflow/dags/historic_main.py
[2024-06-06T12:37:58.170+0000] {processor.py:830} INFO - Processing file /opt/airflow/dags/historic_main.py for tasks to queue
[2024-06-06T12:37:58.175+0000] {logging_mixin.py:188} INFO - [2024-06-06T12:37:58.174+0000] {dagbag.py:545} INFO - Filling up the DagBag from /opt/airflow/dags/historic_main.py
[2024-06-06T12:37:58.226+0000] {processor.py:840} INFO - DAG(s) 'historic_weather_data_dag' retrieved from /opt/airflow/dags/historic_main.py
[2024-06-06T12:37:58.328+0000] {logging_mixin.py:188} INFO - [2024-06-06T12:37:58.327+0000] {dag.py:3096} INFO - Sync 1 DAGs
[2024-06-06T12:37:58.339+0000] {logging_mixin.py:188} INFO - [2024-06-06T12:37:58.339+0000] {dag.py:3954} INFO - Setting next_dagrun for historic_weather_data_dag to None, run_after=None
[2024-06-06T12:37:58.814+0000] {processor.py:183} INFO - Processing /opt/airflow/dags/historic_main.py took 0.675 seconds
[2024-06-06T12:38:29.046+0000] {processor.py:161} INFO - Started process (PID=121) to work on /opt/airflow/dags/historic_main.py
[2024-06-06T12:38:29.047+0000] {processor.py:830} INFO - Processing file /opt/airflow/dags/historic_main.py for tasks to queue
[2024-06-06T12:38:29.048+0000] {logging_mixin.py:188} INFO - [2024-06-06T12:38:29.048+0000] {dagbag.py:545} INFO - Filling up the DagBag from /opt/airflow/dags/historic_main.py
[2024-06-06T12:38:29.084+0000] {processor.py:840} INFO - DAG(s) 'historic_weather_data_dag' retrieved from /opt/airflow/dags/historic_main.py
[2024-06-06T12:38:29.175+0000] {logging_mixin.py:188} INFO - [2024-06-06T12:38:29.174+0000] {dag.py:3096} INFO - Sync 1 DAGs
[2024-06-06T12:38:29.185+0000] {logging_mixin.py:188} INFO - [2024-06-06T12:38:29.185+0000] {dag.py:3954} INFO - Setting next_dagrun for historic_weather_data_dag to None, run_after=None
[2024-06-06T12:38:29.219+0000] {processor.py:183} INFO - Processing /opt/airflow/dags/historic_main.py took 0.179 seconds
[2024-06-06T12:38:59.287+0000] {processor.py:161} INFO - Started process (PID=123) to work on /opt/airflow/dags/historic_main.py
[2024-06-06T12:38:59.288+0000] {processor.py:830} INFO - Processing file /opt/airflow/dags/historic_main.py for tasks to queue
[2024-06-06T12:38:59.289+0000] {logging_mixin.py:188} INFO - [2024-06-06T12:38:59.289+0000] {dagbag.py:545} INFO - Filling up the DagBag from /opt/airflow/dags/historic_main.py
[2024-06-06T12:38:59.327+0000] {processor.py:840} INFO - DAG(s) 'historic_weather_data_dag' retrieved from /opt/airflow/dags/historic_main.py
[2024-06-06T12:38:59.437+0000] {logging_mixin.py:188} INFO - [2024-06-06T12:38:59.436+0000] {dag.py:3096} INFO - Sync 1 DAGs
[2024-06-06T12:38:59.447+0000] {logging_mixin.py:188} INFO - [2024-06-06T12:38:59.447+0000] {dag.py:3954} INFO - Setting next_dagrun for historic_weather_data_dag to None, run_after=None
[2024-06-06T12:39:00.253+0000] {processor.py:183} INFO - Processing /opt/airflow/dags/historic_main.py took 0.973 seconds
[2024-06-06T12:39:30.482+0000] {processor.py:161} INFO - Started process (PID=125) to work on /opt/airflow/dags/historic_main.py
[2024-06-06T12:39:30.483+0000] {processor.py:830} INFO - Processing file /opt/airflow/dags/historic_main.py for tasks to queue
[2024-06-06T12:39:30.485+0000] {logging_mixin.py:188} INFO - [2024-06-06T12:39:30.485+0000] {dagbag.py:545} INFO - Filling up the DagBag from /opt/airflow/dags/historic_main.py
[2024-06-06T12:39:30.520+0000] {processor.py:840} INFO - DAG(s) 'historic_weather_data_dag' retrieved from /opt/airflow/dags/historic_main.py
[2024-06-06T12:39:30.615+0000] {logging_mixin.py:188} INFO - [2024-06-06T12:39:30.614+0000] {dag.py:3096} INFO - Sync 1 DAGs
[2024-06-06T12:39:30.625+0000] {logging_mixin.py:188} INFO - [2024-06-06T12:39:30.625+0000] {dag.py:3954} INFO - Setting next_dagrun for historic_weather_data_dag to None, run_after=None
[2024-06-06T12:39:30.665+0000] {processor.py:183} INFO - Processing /opt/airflow/dags/historic_main.py took 0.188 seconds
[2024-06-06T12:40:00.794+0000] {processor.py:161} INFO - Started process (PID=127) to work on /opt/airflow/dags/historic_main.py
[2024-06-06T12:40:00.795+0000] {processor.py:830} INFO - Processing file /opt/airflow/dags/historic_main.py for tasks to queue
[2024-06-06T12:40:00.796+0000] {logging_mixin.py:188} INFO - [2024-06-06T12:40:00.796+0000] {dagbag.py:545} INFO - Filling up the DagBag from /opt/airflow/dags/historic_main.py
[2024-06-06T12:40:00.837+0000] {processor.py:840} INFO - DAG(s) 'historic_weather_data_dag' retrieved from /opt/airflow/dags/historic_main.py
[2024-06-06T12:40:00.926+0000] {logging_mixin.py:188} INFO - [2024-06-06T12:40:00.926+0000] {dag.py:3096} INFO - Sync 1 DAGs
[2024-06-06T12:40:00.937+0000] {logging_mixin.py:188} INFO - [2024-06-06T12:40:00.937+0000] {dag.py:3954} INFO - Setting next_dagrun for historic_weather_data_dag to None, run_after=None
[2024-06-06T12:40:01.986+0000] {processor.py:183} INFO - Processing /opt/airflow/dags/historic_main.py took 1.200 seconds
[2024-06-06T12:40:32.061+0000] {processor.py:161} INFO - Started process (PID=129) to work on /opt/airflow/dags/historic_main.py
[2024-06-06T12:40:32.061+0000] {processor.py:830} INFO - Processing file /opt/airflow/dags/historic_main.py for tasks to queue
[2024-06-06T12:40:32.063+0000] {logging_mixin.py:188} INFO - [2024-06-06T12:40:32.063+0000] {dagbag.py:545} INFO - Filling up the DagBag from /opt/airflow/dags/historic_main.py
[2024-06-06T12:40:32.101+0000] {processor.py:840} INFO - DAG(s) 'historic_weather_data_dag' retrieved from /opt/airflow/dags/historic_main.py
[2024-06-06T12:40:32.209+0000] {logging_mixin.py:188} INFO - [2024-06-06T12:40:32.209+0000] {dag.py:3096} INFO - Sync 1 DAGs
[2024-06-06T12:40:32.218+0000] {logging_mixin.py:188} INFO - [2024-06-06T12:40:32.218+0000] {dag.py:3954} INFO - Setting next_dagrun for historic_weather_data_dag to None, run_after=None
[2024-06-06T12:40:32.584+0000] {processor.py:183} INFO - Processing /opt/airflow/dags/historic_main.py took 0.530 seconds
[2024-06-06T12:41:02.827+0000] {processor.py:161} INFO - Started process (PID=131) to work on /opt/airflow/dags/historic_main.py
[2024-06-06T12:41:02.842+0000] {processor.py:830} INFO - Processing file /opt/airflow/dags/historic_main.py for tasks to queue
[2024-06-06T12:41:02.843+0000] {logging_mixin.py:188} INFO - [2024-06-06T12:41:02.843+0000] {dagbag.py:545} INFO - Filling up the DagBag from /opt/airflow/dags/historic_main.py
[2024-06-06T12:41:02.878+0000] {processor.py:840} INFO - DAG(s) 'historic_weather_data_dag' retrieved from /opt/airflow/dags/historic_main.py
[2024-06-06T12:41:02.965+0000] {logging_mixin.py:188} INFO - [2024-06-06T12:41:02.965+0000] {dag.py:3096} INFO - Sync 1 DAGs
[2024-06-06T12:41:02.975+0000] {logging_mixin.py:188} INFO - [2024-06-06T12:41:02.974+0000] {dag.py:3954} INFO - Setting next_dagrun for historic_weather_data_dag to None, run_after=None
[2024-06-06T12:41:02.992+0000] {processor.py:183} INFO - Processing /opt/airflow/dags/historic_main.py took 0.172 seconds
[2024-06-06T12:41:33.249+0000] {processor.py:161} INFO - Started process (PID=133) to work on /opt/airflow/dags/historic_main.py
[2024-06-06T12:41:33.517+0000] {processor.py:830} INFO - Processing file /opt/airflow/dags/historic_main.py for tasks to queue
[2024-06-06T12:41:33.524+0000] {logging_mixin.py:188} INFO - [2024-06-06T12:41:33.523+0000] {dagbag.py:545} INFO - Filling up the DagBag from /opt/airflow/dags/historic_main.py
[2024-06-06T12:41:33.582+0000] {processor.py:840} INFO - DAG(s) 'historic_weather_data_dag' retrieved from /opt/airflow/dags/historic_main.py
[2024-06-06T12:41:33.669+0000] {logging_mixin.py:188} INFO - [2024-06-06T12:41:33.669+0000] {dag.py:3096} INFO - Sync 1 DAGs
[2024-06-06T12:41:33.680+0000] {logging_mixin.py:188} INFO - [2024-06-06T12:41:33.680+0000] {dag.py:3954} INFO - Setting next_dagrun for historic_weather_data_dag to None, run_after=None
[2024-06-06T12:41:33.731+0000] {processor.py:183} INFO - Processing /opt/airflow/dags/historic_main.py took 0.490 seconds
[2024-06-06T12:42:03.993+0000] {processor.py:161} INFO - Started process (PID=135) to work on /opt/airflow/dags/historic_main.py
[2024-06-06T12:42:03.994+0000] {processor.py:830} INFO - Processing file /opt/airflow/dags/historic_main.py for tasks to queue
[2024-06-06T12:42:03.996+0000] {logging_mixin.py:188} INFO - [2024-06-06T12:42:03.995+0000] {dagbag.py:545} INFO - Filling up the DagBag from /opt/airflow/dags/historic_main.py
[2024-06-06T12:42:04.041+0000] {processor.py:840} INFO - DAG(s) 'historic_weather_data_dag' retrieved from /opt/airflow/dags/historic_main.py
[2024-06-06T12:42:04.170+0000] {logging_mixin.py:188} INFO - [2024-06-06T12:42:04.170+0000] {dag.py:3096} INFO - Sync 1 DAGs
[2024-06-06T12:42:04.182+0000] {logging_mixin.py:188} INFO - [2024-06-06T12:42:04.181+0000] {dag.py:3954} INFO - Setting next_dagrun for historic_weather_data_dag to None, run_after=None
[2024-06-06T12:42:04.231+0000] {processor.py:183} INFO - Processing /opt/airflow/dags/historic_main.py took 0.246 seconds
[2024-06-06T12:42:34.452+0000] {processor.py:161} INFO - Started process (PID=137) to work on /opt/airflow/dags/historic_main.py
[2024-06-06T12:42:34.452+0000] {processor.py:830} INFO - Processing file /opt/airflow/dags/historic_main.py for tasks to queue
[2024-06-06T12:42:34.454+0000] {logging_mixin.py:188} INFO - [2024-06-06T12:42:34.454+0000] {dagbag.py:545} INFO - Filling up the DagBag from /opt/airflow/dags/historic_main.py
[2024-06-06T12:42:34.499+0000] {processor.py:840} INFO - DAG(s) 'historic_weather_data_dag' retrieved from /opt/airflow/dags/historic_main.py
[2024-06-06T12:42:34.629+0000] {logging_mixin.py:188} INFO - [2024-06-06T12:42:34.629+0000] {dag.py:3096} INFO - Sync 1 DAGs
[2024-06-06T12:42:34.641+0000] {logging_mixin.py:188} INFO - [2024-06-06T12:42:34.640+0000] {dag.py:3954} INFO - Setting next_dagrun for historic_weather_data_dag to None, run_after=None
[2024-06-06T12:42:34.658+0000] {processor.py:183} INFO - Processing /opt/airflow/dags/historic_main.py took 0.214 seconds
[2024-06-06T12:43:05.206+0000] {processor.py:161} INFO - Started process (PID=139) to work on /opt/airflow/dags/historic_main.py
[2024-06-06T12:43:05.208+0000] {processor.py:830} INFO - Processing file /opt/airflow/dags/historic_main.py for tasks to queue
[2024-06-06T12:43:05.212+0000] {logging_mixin.py:188} INFO - [2024-06-06T12:43:05.212+0000] {dagbag.py:545} INFO - Filling up the DagBag from /opt/airflow/dags/historic_main.py
[2024-06-06T12:43:05.262+0000] {processor.py:840} INFO - DAG(s) 'historic_weather_data_dag' retrieved from /opt/airflow/dags/historic_main.py
[2024-06-06T12:43:05.393+0000] {logging_mixin.py:188} INFO - [2024-06-06T12:43:05.392+0000] {dag.py:3096} INFO - Sync 1 DAGs
[2024-06-06T12:43:05.406+0000] {logging_mixin.py:188} INFO - [2024-06-06T12:43:05.406+0000] {dag.py:3954} INFO - Setting next_dagrun for historic_weather_data_dag to None, run_after=None
[2024-06-06T12:43:05.429+0000] {processor.py:183} INFO - Processing /opt/airflow/dags/historic_main.py took 0.251 seconds
[2024-06-06T12:43:35.704+0000] {processor.py:161} INFO - Started process (PID=141) to work on /opt/airflow/dags/historic_main.py
[2024-06-06T12:43:35.705+0000] {processor.py:830} INFO - Processing file /opt/airflow/dags/historic_main.py for tasks to queue
[2024-06-06T12:43:35.706+0000] {logging_mixin.py:188} INFO - [2024-06-06T12:43:35.706+0000] {dagbag.py:545} INFO - Filling up the DagBag from /opt/airflow/dags/historic_main.py
[2024-06-06T12:43:35.745+0000] {processor.py:840} INFO - DAG(s) 'historic_weather_data_dag' retrieved from /opt/airflow/dags/historic_main.py
[2024-06-06T12:43:35.836+0000] {logging_mixin.py:188} INFO - [2024-06-06T12:43:35.836+0000] {dag.py:3096} INFO - Sync 1 DAGs
[2024-06-06T12:43:35.845+0000] {logging_mixin.py:188} INFO - [2024-06-06T12:43:35.845+0000] {dag.py:3954} INFO - Setting next_dagrun for historic_weather_data_dag to None, run_after=None
[2024-06-06T12:43:36.916+0000] {processor.py:183} INFO - Processing /opt/airflow/dags/historic_main.py took 1.218 seconds
[2024-06-06T12:44:07.182+0000] {processor.py:161} INFO - Started process (PID=143) to work on /opt/airflow/dags/historic_main.py
[2024-06-06T12:44:07.183+0000] {processor.py:830} INFO - Processing file /opt/airflow/dags/historic_main.py for tasks to queue
[2024-06-06T12:44:07.184+0000] {logging_mixin.py:188} INFO - [2024-06-06T12:44:07.184+0000] {dagbag.py:545} INFO - Filling up the DagBag from /opt/airflow/dags/historic_main.py
[2024-06-06T12:44:07.223+0000] {processor.py:840} INFO - DAG(s) 'historic_weather_data_dag' retrieved from /opt/airflow/dags/historic_main.py
[2024-06-06T12:44:07.359+0000] {logging_mixin.py:188} INFO - [2024-06-06T12:44:07.359+0000] {dag.py:3096} INFO - Sync 1 DAGs
[2024-06-06T12:44:07.372+0000] {logging_mixin.py:188} INFO - [2024-06-06T12:44:07.371+0000] {dag.py:3954} INFO - Setting next_dagrun for historic_weather_data_dag to None, run_after=None
[2024-06-06T12:44:07.410+0000] {processor.py:183} INFO - Processing /opt/airflow/dags/historic_main.py took 0.236 seconds
[2024-06-06T12:44:37.648+0000] {processor.py:161} INFO - Started process (PID=145) to work on /opt/airflow/dags/historic_main.py
[2024-06-06T12:44:37.649+0000] {processor.py:830} INFO - Processing file /opt/airflow/dags/historic_main.py for tasks to queue
[2024-06-06T12:44:37.651+0000] {logging_mixin.py:188} INFO - [2024-06-06T12:44:37.651+0000] {dagbag.py:545} INFO - Filling up the DagBag from /opt/airflow/dags/historic_main.py
[2024-06-06T12:44:37.696+0000] {processor.py:840} INFO - DAG(s) 'historic_weather_data_dag' retrieved from /opt/airflow/dags/historic_main.py
[2024-06-06T12:44:37.785+0000] {logging_mixin.py:188} INFO - [2024-06-06T12:44:37.785+0000] {dag.py:3096} INFO - Sync 1 DAGs
[2024-06-06T12:44:37.795+0000] {logging_mixin.py:188} INFO - [2024-06-06T12:44:37.795+0000] {dag.py:3954} INFO - Setting next_dagrun for historic_weather_data_dag to None, run_after=None
[2024-06-06T12:44:38.357+0000] {processor.py:183} INFO - Processing /opt/airflow/dags/historic_main.py took 0.716 seconds
[2024-06-06T12:45:08.607+0000] {processor.py:161} INFO - Started process (PID=147) to work on /opt/airflow/dags/historic_main.py
[2024-06-06T12:45:08.608+0000] {processor.py:830} INFO - Processing file /opt/airflow/dags/historic_main.py for tasks to queue
[2024-06-06T12:45:08.609+0000] {logging_mixin.py:188} INFO - [2024-06-06T12:45:08.609+0000] {dagbag.py:545} INFO - Filling up the DagBag from /opt/airflow/dags/historic_main.py
[2024-06-06T12:45:08.648+0000] {processor.py:840} INFO - DAG(s) 'historic_weather_data_dag' retrieved from /opt/airflow/dags/historic_main.py
[2024-06-06T12:45:08.743+0000] {logging_mixin.py:188} INFO - [2024-06-06T12:45:08.743+0000] {dag.py:3096} INFO - Sync 1 DAGs
[2024-06-06T12:45:08.757+0000] {logging_mixin.py:188} INFO - [2024-06-06T12:45:08.757+0000] {dag.py:3954} INFO - Setting next_dagrun for historic_weather_data_dag to None, run_after=None
[2024-06-06T12:45:08.784+0000] {processor.py:183} INFO - Processing /opt/airflow/dags/historic_main.py took 0.184 seconds
[2024-06-06T12:45:39.023+0000] {processor.py:161} INFO - Started process (PID=149) to work on /opt/airflow/dags/historic_main.py
[2024-06-06T12:45:39.024+0000] {processor.py:830} INFO - Processing file /opt/airflow/dags/historic_main.py for tasks to queue
[2024-06-06T12:45:39.026+0000] {logging_mixin.py:188} INFO - [2024-06-06T12:45:39.026+0000] {dagbag.py:545} INFO - Filling up the DagBag from /opt/airflow/dags/historic_main.py
[2024-06-06T12:45:39.063+0000] {processor.py:840} INFO - DAG(s) 'historic_weather_data_dag' retrieved from /opt/airflow/dags/historic_main.py
[2024-06-06T12:45:39.152+0000] {logging_mixin.py:188} INFO - [2024-06-06T12:45:39.152+0000] {dag.py:3096} INFO - Sync 1 DAGs
[2024-06-06T12:45:39.161+0000] {logging_mixin.py:188} INFO - [2024-06-06T12:45:39.161+0000] {dag.py:3954} INFO - Setting next_dagrun for historic_weather_data_dag to None, run_after=None
[2024-06-06T12:45:39.211+0000] {processor.py:183} INFO - Processing /opt/airflow/dags/historic_main.py took 0.197 seconds
[2024-06-06T12:46:09.450+0000] {processor.py:161} INFO - Started process (PID=151) to work on /opt/airflow/dags/historic_main.py
[2024-06-06T12:46:09.451+0000] {processor.py:830} INFO - Processing file /opt/airflow/dags/historic_main.py for tasks to queue
[2024-06-06T12:46:09.452+0000] {logging_mixin.py:188} INFO - [2024-06-06T12:46:09.452+0000] {dagbag.py:545} INFO - Filling up the DagBag from /opt/airflow/dags/historic_main.py
[2024-06-06T12:46:09.491+0000] {processor.py:840} INFO - DAG(s) 'historic_weather_data_dag' retrieved from /opt/airflow/dags/historic_main.py
[2024-06-06T12:46:09.593+0000] {logging_mixin.py:188} INFO - [2024-06-06T12:46:09.593+0000] {dag.py:3096} INFO - Sync 1 DAGs
[2024-06-06T12:46:09.606+0000] {logging_mixin.py:188} INFO - [2024-06-06T12:46:09.606+0000] {dag.py:3954} INFO - Setting next_dagrun for historic_weather_data_dag to None, run_after=None
[2024-06-06T12:46:09.660+0000] {processor.py:183} INFO - Processing /opt/airflow/dags/historic_main.py took 0.217 seconds
[2024-06-06T12:46:39.918+0000] {processor.py:161} INFO - Started process (PID=153) to work on /opt/airflow/dags/historic_main.py
[2024-06-06T12:46:39.919+0000] {processor.py:830} INFO - Processing file /opt/airflow/dags/historic_main.py for tasks to queue
[2024-06-06T12:46:39.921+0000] {logging_mixin.py:188} INFO - [2024-06-06T12:46:39.921+0000] {dagbag.py:545} INFO - Filling up the DagBag from /opt/airflow/dags/historic_main.py
[2024-06-06T12:46:39.957+0000] {processor.py:840} INFO - DAG(s) 'historic_weather_data_dag' retrieved from /opt/airflow/dags/historic_main.py
[2024-06-06T12:46:40.046+0000] {logging_mixin.py:188} INFO - [2024-06-06T12:46:40.046+0000] {dag.py:3096} INFO - Sync 1 DAGs
[2024-06-06T12:46:40.055+0000] {logging_mixin.py:188} INFO - [2024-06-06T12:46:40.055+0000] {dag.py:3954} INFO - Setting next_dagrun for historic_weather_data_dag to None, run_after=None
[2024-06-06T12:46:40.077+0000] {processor.py:183} INFO - Processing /opt/airflow/dags/historic_main.py took 0.168 seconds
[2024-06-06T12:47:10.149+0000] {processor.py:161} INFO - Started process (PID=155) to work on /opt/airflow/dags/historic_main.py
[2024-06-06T12:47:10.150+0000] {processor.py:830} INFO - Processing file /opt/airflow/dags/historic_main.py for tasks to queue
[2024-06-06T12:47:10.152+0000] {logging_mixin.py:188} INFO - [2024-06-06T12:47:10.151+0000] {dagbag.py:545} INFO - Filling up the DagBag from /opt/airflow/dags/historic_main.py
[2024-06-06T12:47:10.190+0000] {processor.py:840} INFO - DAG(s) 'historic_weather_data_dag' retrieved from /opt/airflow/dags/historic_main.py
[2024-06-06T12:47:10.277+0000] {logging_mixin.py:188} INFO - [2024-06-06T12:47:10.277+0000] {dag.py:3096} INFO - Sync 1 DAGs
[2024-06-06T12:47:10.287+0000] {logging_mixin.py:188} INFO - [2024-06-06T12:47:10.287+0000] {dag.py:3954} INFO - Setting next_dagrun for historic_weather_data_dag to None, run_after=None
[2024-06-06T12:47:11.114+0000] {processor.py:183} INFO - Processing /opt/airflow/dags/historic_main.py took 0.973 seconds
[2024-06-06T12:47:41.368+0000] {processor.py:161} INFO - Started process (PID=157) to work on /opt/airflow/dags/historic_main.py
[2024-06-06T12:47:41.369+0000] {processor.py:830} INFO - Processing file /opt/airflow/dags/historic_main.py for tasks to queue
[2024-06-06T12:47:41.370+0000] {logging_mixin.py:188} INFO - [2024-06-06T12:47:41.370+0000] {dagbag.py:545} INFO - Filling up the DagBag from /opt/airflow/dags/historic_main.py
[2024-06-06T12:47:41.408+0000] {processor.py:840} INFO - DAG(s) 'historic_weather_data_dag' retrieved from /opt/airflow/dags/historic_main.py
[2024-06-06T12:47:41.499+0000] {logging_mixin.py:188} INFO - [2024-06-06T12:47:41.498+0000] {dag.py:3096} INFO - Sync 1 DAGs
[2024-06-06T12:47:41.508+0000] {logging_mixin.py:188} INFO - [2024-06-06T12:47:41.508+0000] {dag.py:3954} INFO - Setting next_dagrun for historic_weather_data_dag to None, run_after=None
[2024-06-06T12:47:41.750+0000] {processor.py:183} INFO - Processing /opt/airflow/dags/historic_main.py took 0.390 seconds
[2024-06-06T12:48:11.982+0000] {processor.py:161} INFO - Started process (PID=159) to work on /opt/airflow/dags/historic_main.py
[2024-06-06T12:48:12.001+0000] {processor.py:830} INFO - Processing file /opt/airflow/dags/historic_main.py for tasks to queue
[2024-06-06T12:48:12.005+0000] {logging_mixin.py:188} INFO - [2024-06-06T12:48:12.004+0000] {dagbag.py:545} INFO - Filling up the DagBag from /opt/airflow/dags/historic_main.py
[2024-06-06T12:48:12.060+0000] {processor.py:840} INFO - DAG(s) 'historic_weather_data_dag' retrieved from /opt/airflow/dags/historic_main.py
[2024-06-06T12:48:12.149+0000] {logging_mixin.py:188} INFO - [2024-06-06T12:48:12.149+0000] {dag.py:3096} INFO - Sync 1 DAGs
[2024-06-06T12:48:12.158+0000] {logging_mixin.py:188} INFO - [2024-06-06T12:48:12.158+0000] {dag.py:3954} INFO - Setting next_dagrun for historic_weather_data_dag to None, run_after=None
[2024-06-06T12:48:12.185+0000] {processor.py:183} INFO - Processing /opt/airflow/dags/historic_main.py took 0.209 seconds
[2024-06-06T12:48:42.224+0000] {processor.py:161} INFO - Started process (PID=161) to work on /opt/airflow/dags/historic_main.py
[2024-06-06T12:48:42.225+0000] {processor.py:830} INFO - Processing file /opt/airflow/dags/historic_main.py for tasks to queue
[2024-06-06T12:48:42.226+0000] {logging_mixin.py:188} INFO - [2024-06-06T12:48:42.226+0000] {dagbag.py:545} INFO - Filling up the DagBag from /opt/airflow/dags/historic_main.py
[2024-06-06T12:48:42.265+0000] {processor.py:840} INFO - DAG(s) 'historic_weather_data_dag' retrieved from /opt/airflow/dags/historic_main.py
[2024-06-06T12:48:42.354+0000] {logging_mixin.py:188} INFO - [2024-06-06T12:48:42.353+0000] {dag.py:3096} INFO - Sync 1 DAGs
[2024-06-06T12:48:42.364+0000] {logging_mixin.py:188} INFO - [2024-06-06T12:48:42.364+0000] {dag.py:3954} INFO - Setting next_dagrun for historic_weather_data_dag to None, run_after=None
[2024-06-06T12:48:42.384+0000] {processor.py:183} INFO - Processing /opt/airflow/dags/historic_main.py took 0.167 seconds
[2024-06-06T12:49:12.615+0000] {processor.py:161} INFO - Started process (PID=163) to work on /opt/airflow/dags/historic_main.py
[2024-06-06T12:49:12.616+0000] {processor.py:830} INFO - Processing file /opt/airflow/dags/historic_main.py for tasks to queue
[2024-06-06T12:49:12.617+0000] {logging_mixin.py:188} INFO - [2024-06-06T12:49:12.617+0000] {dagbag.py:545} INFO - Filling up the DagBag from /opt/airflow/dags/historic_main.py
[2024-06-06T12:49:12.660+0000] {processor.py:840} INFO - DAG(s) 'historic_weather_data_dag' retrieved from /opt/airflow/dags/historic_main.py
[2024-06-06T12:49:12.767+0000] {logging_mixin.py:188} INFO - [2024-06-06T12:49:12.767+0000] {dag.py:3096} INFO - Sync 1 DAGs
[2024-06-06T12:49:12.777+0000] {logging_mixin.py:188} INFO - [2024-06-06T12:49:12.776+0000] {dag.py:3954} INFO - Setting next_dagrun for historic_weather_data_dag to None, run_after=None
[2024-06-06T12:49:12.802+0000] {processor.py:183} INFO - Processing /opt/airflow/dags/historic_main.py took 0.194 seconds
[2024-06-06T12:49:43.051+0000] {processor.py:161} INFO - Started process (PID=165) to work on /opt/airflow/dags/historic_main.py
[2024-06-06T12:49:43.079+0000] {processor.py:830} INFO - Processing file /opt/airflow/dags/historic_main.py for tasks to queue
[2024-06-06T12:49:43.084+0000] {logging_mixin.py:188} INFO - [2024-06-06T12:49:43.083+0000] {dagbag.py:545} INFO - Filling up the DagBag from /opt/airflow/dags/historic_main.py
[2024-06-06T12:49:43.137+0000] {processor.py:840} INFO - DAG(s) 'historic_weather_data_dag' retrieved from /opt/airflow/dags/historic_main.py
[2024-06-06T12:49:43.225+0000] {logging_mixin.py:188} INFO - [2024-06-06T12:49:43.225+0000] {dag.py:3096} INFO - Sync 1 DAGs
[2024-06-06T12:49:43.235+0000] {logging_mixin.py:188} INFO - [2024-06-06T12:49:43.235+0000] {dag.py:3954} INFO - Setting next_dagrun for historic_weather_data_dag to None, run_after=None
[2024-06-06T12:49:43.255+0000] {processor.py:183} INFO - Processing /opt/airflow/dags/historic_main.py took 0.210 seconds
[2024-06-06T12:50:13.507+0000] {processor.py:161} INFO - Started process (PID=167) to work on /opt/airflow/dags/historic_main.py
[2024-06-06T12:50:13.509+0000] {processor.py:830} INFO - Processing file /opt/airflow/dags/historic_main.py for tasks to queue
[2024-06-06T12:50:13.511+0000] {logging_mixin.py:188} INFO - [2024-06-06T12:50:13.511+0000] {dagbag.py:545} INFO - Filling up the DagBag from /opt/airflow/dags/historic_main.py
[2024-06-06T12:50:13.550+0000] {processor.py:840} INFO - DAG(s) 'historic_weather_data_dag' retrieved from /opt/airflow/dags/historic_main.py
[2024-06-06T12:50:13.639+0000] {logging_mixin.py:188} INFO - [2024-06-06T12:50:13.639+0000] {dag.py:3096} INFO - Sync 1 DAGs
[2024-06-06T12:50:13.650+0000] {logging_mixin.py:188} INFO - [2024-06-06T12:50:13.649+0000] {dag.py:3954} INFO - Setting next_dagrun for historic_weather_data_dag to None, run_after=None
[2024-06-06T12:50:14.662+0000] {processor.py:183} INFO - Processing /opt/airflow/dags/historic_main.py took 1.164 seconds
[2024-06-06T12:50:44.937+0000] {processor.py:161} INFO - Started process (PID=169) to work on /opt/airflow/dags/historic_main.py
[2024-06-06T12:50:44.939+0000] {processor.py:830} INFO - Processing file /opt/airflow/dags/historic_main.py for tasks to queue
[2024-06-06T12:50:44.941+0000] {logging_mixin.py:188} INFO - [2024-06-06T12:50:44.940+0000] {dagbag.py:545} INFO - Filling up the DagBag from /opt/airflow/dags/historic_main.py
[2024-06-06T12:50:44.986+0000] {processor.py:840} INFO - DAG(s) 'historic_weather_data_dag' retrieved from /opt/airflow/dags/historic_main.py
[2024-06-06T12:50:45.117+0000] {logging_mixin.py:188} INFO - [2024-06-06T12:50:45.117+0000] {dag.py:3096} INFO - Sync 1 DAGs
[2024-06-06T12:50:45.128+0000] {logging_mixin.py:188} INFO - [2024-06-06T12:50:45.127+0000] {dag.py:3954} INFO - Setting next_dagrun for historic_weather_data_dag to None, run_after=None
[2024-06-06T12:50:45.176+0000] {processor.py:183} INFO - Processing /opt/airflow/dags/historic_main.py took 0.248 seconds
[2024-06-06T12:51:15.428+0000] {processor.py:161} INFO - Started process (PID=171) to work on /opt/airflow/dags/historic_main.py
[2024-06-06T12:51:15.429+0000] {processor.py:830} INFO - Processing file /opt/airflow/dags/historic_main.py for tasks to queue
[2024-06-06T12:51:15.430+0000] {logging_mixin.py:188} INFO - [2024-06-06T12:51:15.430+0000] {dagbag.py:545} INFO - Filling up the DagBag from /opt/airflow/dags/historic_main.py
[2024-06-06T12:51:15.475+0000] {processor.py:840} INFO - DAG(s) 'historic_weather_data_dag' retrieved from /opt/airflow/dags/historic_main.py
[2024-06-06T12:51:15.564+0000] {logging_mixin.py:188} INFO - [2024-06-06T12:51:15.563+0000] {dag.py:3096} INFO - Sync 1 DAGs
[2024-06-06T12:51:15.573+0000] {logging_mixin.py:188} INFO - [2024-06-06T12:51:15.573+0000] {dag.py:3954} INFO - Setting next_dagrun for historic_weather_data_dag to None, run_after=None
[2024-06-06T12:51:15.591+0000] {processor.py:183} INFO - Processing /opt/airflow/dags/historic_main.py took 0.171 seconds
[2024-06-06T12:51:45.833+0000] {processor.py:161} INFO - Started process (PID=173) to work on /opt/airflow/dags/historic_main.py
[2024-06-06T12:51:45.835+0000] {processor.py:830} INFO - Processing file /opt/airflow/dags/historic_main.py for tasks to queue
[2024-06-06T12:51:45.836+0000] {logging_mixin.py:188} INFO - [2024-06-06T12:51:45.836+0000] {dagbag.py:545} INFO - Filling up the DagBag from /opt/airflow/dags/historic_main.py
[2024-06-06T12:51:45.874+0000] {processor.py:840} INFO - DAG(s) 'historic_weather_data_dag' retrieved from /opt/airflow/dags/historic_main.py
[2024-06-06T12:51:45.964+0000] {logging_mixin.py:188} INFO - [2024-06-06T12:51:45.964+0000] {dag.py:3096} INFO - Sync 1 DAGs
[2024-06-06T12:51:45.975+0000] {logging_mixin.py:188} INFO - [2024-06-06T12:51:45.974+0000] {dag.py:3954} INFO - Setting next_dagrun for historic_weather_data_dag to None, run_after=None
[2024-06-06T12:51:46.088+0000] {processor.py:183} INFO - Processing /opt/airflow/dags/historic_main.py took 0.262 seconds
[2024-06-06T12:52:16.334+0000] {processor.py:161} INFO - Started process (PID=175) to work on /opt/airflow/dags/historic_main.py
[2024-06-06T12:52:16.334+0000] {processor.py:830} INFO - Processing file /opt/airflow/dags/historic_main.py for tasks to queue
[2024-06-06T12:52:16.336+0000] {logging_mixin.py:188} INFO - [2024-06-06T12:52:16.335+0000] {dagbag.py:545} INFO - Filling up the DagBag from /opt/airflow/dags/historic_main.py
[2024-06-06T12:52:16.377+0000] {processor.py:840} INFO - DAG(s) 'historic_weather_data_dag' retrieved from /opt/airflow/dags/historic_main.py
[2024-06-06T12:52:16.507+0000] {logging_mixin.py:188} INFO - [2024-06-06T12:52:16.507+0000] {dag.py:3096} INFO - Sync 1 DAGs
[2024-06-06T12:52:16.518+0000] {logging_mixin.py:188} INFO - [2024-06-06T12:52:16.518+0000] {dag.py:3954} INFO - Setting next_dagrun for historic_weather_data_dag to None, run_after=None
[2024-06-06T12:52:17.094+0000] {processor.py:183} INFO - Processing /opt/airflow/dags/historic_main.py took 0.767 seconds
[2024-06-06T12:52:47.360+0000] {processor.py:161} INFO - Started process (PID=177) to work on /opt/airflow/dags/historic_main.py
[2024-06-06T12:52:47.361+0000] {processor.py:830} INFO - Processing file /opt/airflow/dags/historic_main.py for tasks to queue
[2024-06-06T12:52:47.363+0000] {logging_mixin.py:188} INFO - [2024-06-06T12:52:47.362+0000] {dagbag.py:545} INFO - Filling up the DagBag from /opt/airflow/dags/historic_main.py
[2024-06-06T12:52:47.403+0000] {processor.py:840} INFO - DAG(s) 'historic_weather_data_dag' retrieved from /opt/airflow/dags/historic_main.py
[2024-06-06T12:52:47.500+0000] {logging_mixin.py:188} INFO - [2024-06-06T12:52:47.500+0000] {dag.py:3096} INFO - Sync 1 DAGs
[2024-06-06T12:52:47.514+0000] {logging_mixin.py:188} INFO - [2024-06-06T12:52:47.513+0000] {dag.py:3954} INFO - Setting next_dagrun for historic_weather_data_dag to None, run_after=None
[2024-06-06T12:52:47.588+0000] {processor.py:183} INFO - Processing /opt/airflow/dags/historic_main.py took 0.236 seconds
[2024-06-06T12:53:17.753+0000] {processor.py:161} INFO - Started process (PID=179) to work on /opt/airflow/dags/historic_main.py
[2024-06-06T12:53:17.754+0000] {processor.py:830} INFO - Processing file /opt/airflow/dags/historic_main.py for tasks to queue
[2024-06-06T12:53:17.756+0000] {logging_mixin.py:188} INFO - [2024-06-06T12:53:17.756+0000] {dagbag.py:545} INFO - Filling up the DagBag from /opt/airflow/dags/historic_main.py
[2024-06-06T12:53:17.801+0000] {processor.py:840} INFO - DAG(s) 'historic_weather_data_dag' retrieved from /opt/airflow/dags/historic_main.py
[2024-06-06T12:53:17.932+0000] {logging_mixin.py:188} INFO - [2024-06-06T12:53:17.932+0000] {dag.py:3096} INFO - Sync 1 DAGs
[2024-06-06T12:53:17.945+0000] {logging_mixin.py:188} INFO - [2024-06-06T12:53:17.945+0000] {dag.py:3954} INFO - Setting next_dagrun for historic_weather_data_dag to None, run_after=None
[2024-06-06T12:53:17.984+0000] {processor.py:183} INFO - Processing /opt/airflow/dags/historic_main.py took 0.238 seconds
[2024-06-06T12:53:48.218+0000] {processor.py:161} INFO - Started process (PID=181) to work on /opt/airflow/dags/historic_main.py
[2024-06-06T12:53:48.581+0000] {processor.py:830} INFO - Processing file /opt/airflow/dags/historic_main.py for tasks to queue
[2024-06-06T12:53:48.588+0000] {logging_mixin.py:188} INFO - [2024-06-06T12:53:48.587+0000] {dagbag.py:545} INFO - Filling up the DagBag from /opt/airflow/dags/historic_main.py
[2024-06-06T12:53:48.652+0000] {processor.py:840} INFO - DAG(s) 'historic_weather_data_dag' retrieved from /opt/airflow/dags/historic_main.py
[2024-06-06T12:53:48.742+0000] {logging_mixin.py:188} INFO - [2024-06-06T12:53:48.742+0000] {dag.py:3096} INFO - Sync 1 DAGs
[2024-06-06T12:53:48.751+0000] {logging_mixin.py:188} INFO - [2024-06-06T12:53:48.751+0000] {dag.py:3954} INFO - Setting next_dagrun for historic_weather_data_dag to None, run_after=None
[2024-06-06T12:53:48.777+0000] {processor.py:183} INFO - Processing /opt/airflow/dags/historic_main.py took 0.567 seconds
[2024-06-06T12:54:19.002+0000] {processor.py:161} INFO - Started process (PID=183) to work on /opt/airflow/dags/historic_main.py
[2024-06-06T12:54:19.002+0000] {processor.py:830} INFO - Processing file /opt/airflow/dags/historic_main.py for tasks to queue
[2024-06-06T12:54:19.004+0000] {logging_mixin.py:188} INFO - [2024-06-06T12:54:19.004+0000] {dagbag.py:545} INFO - Filling up the DagBag from /opt/airflow/dags/historic_main.py
[2024-06-06T12:54:19.039+0000] {processor.py:840} INFO - DAG(s) 'historic_weather_data_dag' retrieved from /opt/airflow/dags/historic_main.py
[2024-06-06T12:54:19.129+0000] {logging_mixin.py:188} INFO - [2024-06-06T12:54:19.129+0000] {dag.py:3096} INFO - Sync 1 DAGs
[2024-06-06T12:54:19.141+0000] {logging_mixin.py:188} INFO - [2024-06-06T12:54:19.141+0000] {dag.py:3954} INFO - Setting next_dagrun for historic_weather_data_dag to None, run_after=None
[2024-06-06T12:54:20.412+0000] {processor.py:183} INFO - Processing /opt/airflow/dags/historic_main.py took 1.417 seconds
[2024-06-06T12:54:50.691+0000] {processor.py:161} INFO - Started process (PID=185) to work on /opt/airflow/dags/historic_main.py
[2024-06-06T12:54:50.691+0000] {processor.py:830} INFO - Processing file /opt/airflow/dags/historic_main.py for tasks to queue
[2024-06-06T12:54:50.693+0000] {logging_mixin.py:188} INFO - [2024-06-06T12:54:50.692+0000] {dagbag.py:545} INFO - Filling up the DagBag from /opt/airflow/dags/historic_main.py
[2024-06-06T12:54:50.733+0000] {processor.py:840} INFO - DAG(s) 'historic_weather_data_dag' retrieved from /opt/airflow/dags/historic_main.py
[2024-06-06T12:54:50.821+0000] {logging_mixin.py:188} INFO - [2024-06-06T12:54:50.821+0000] {dag.py:3096} INFO - Sync 1 DAGs
[2024-06-06T12:54:50.831+0000] {logging_mixin.py:188} INFO - [2024-06-06T12:54:50.831+0000] {dag.py:3954} INFO - Setting next_dagrun for historic_weather_data_dag to None, run_after=None
[2024-06-06T12:54:51.375+0000] {processor.py:183} INFO - Processing /opt/airflow/dags/historic_main.py took 0.693 seconds
[2024-06-06T12:55:21.599+0000] {processor.py:161} INFO - Started process (PID=187) to work on /opt/airflow/dags/historic_main.py
[2024-06-06T12:55:21.602+0000] {processor.py:830} INFO - Processing file /opt/airflow/dags/historic_main.py for tasks to queue
[2024-06-06T12:55:21.603+0000] {logging_mixin.py:188} INFO - [2024-06-06T12:55:21.603+0000] {dagbag.py:545} INFO - Filling up the DagBag from /opt/airflow/dags/historic_main.py
[2024-06-06T12:55:21.639+0000] {processor.py:840} INFO - DAG(s) 'historic_weather_data_dag' retrieved from /opt/airflow/dags/historic_main.py
[2024-06-06T12:55:21.738+0000] {logging_mixin.py:188} INFO - [2024-06-06T12:55:21.737+0000] {dag.py:3096} INFO - Sync 1 DAGs
[2024-06-06T12:55:21.752+0000] {logging_mixin.py:188} INFO - [2024-06-06T12:55:21.751+0000] {dag.py:3954} INFO - Setting next_dagrun for historic_weather_data_dag to None, run_after=None
[2024-06-06T12:55:22.289+0000] {processor.py:183} INFO - Processing /opt/airflow/dags/historic_main.py took 0.696 seconds
[2024-06-06T12:55:52.532+0000] {processor.py:161} INFO - Started process (PID=189) to work on /opt/airflow/dags/historic_main.py
[2024-06-06T12:55:52.860+0000] {processor.py:830} INFO - Processing file /opt/airflow/dags/historic_main.py for tasks to queue
[2024-06-06T12:55:52.865+0000] {logging_mixin.py:188} INFO - [2024-06-06T12:55:52.864+0000] {dagbag.py:545} INFO - Filling up the DagBag from /opt/airflow/dags/historic_main.py
[2024-06-06T12:55:52.931+0000] {processor.py:840} INFO - DAG(s) 'historic_weather_data_dag' retrieved from /opt/airflow/dags/historic_main.py
[2024-06-06T12:55:53.060+0000] {logging_mixin.py:188} INFO - [2024-06-06T12:55:53.060+0000] {dag.py:3096} INFO - Sync 1 DAGs
[2024-06-06T12:55:53.073+0000] {logging_mixin.py:188} INFO - [2024-06-06T12:55:53.073+0000] {dag.py:3954} INFO - Setting next_dagrun for historic_weather_data_dag to None, run_after=None
[2024-06-06T12:55:53.114+0000] {processor.py:183} INFO - Processing /opt/airflow/dags/historic_main.py took 0.587 seconds
[2024-06-06T12:56:23.305+0000] {processor.py:161} INFO - Started process (PID=191) to work on /opt/airflow/dags/historic_main.py
[2024-06-06T12:56:23.306+0000] {processor.py:830} INFO - Processing file /opt/airflow/dags/historic_main.py for tasks to queue
[2024-06-06T12:56:23.308+0000] {logging_mixin.py:188} INFO - [2024-06-06T12:56:23.308+0000] {dagbag.py:545} INFO - Filling up the DagBag from /opt/airflow/dags/historic_main.py
[2024-06-06T12:56:23.344+0000] {processor.py:840} INFO - DAG(s) 'historic_weather_data_dag' retrieved from /opt/airflow/dags/historic_main.py
[2024-06-06T12:56:23.437+0000] {logging_mixin.py:188} INFO - [2024-06-06T12:56:23.437+0000] {dag.py:3096} INFO - Sync 1 DAGs
[2024-06-06T12:56:23.446+0000] {logging_mixin.py:188} INFO - [2024-06-06T12:56:23.446+0000] {dag.py:3954} INFO - Setting next_dagrun for historic_weather_data_dag to None, run_after=None
[2024-06-06T12:56:24.110+0000] {processor.py:183} INFO - Processing /opt/airflow/dags/historic_main.py took 0.812 seconds
[2024-06-06T12:56:54.385+0000] {processor.py:161} INFO - Started process (PID=193) to work on /opt/airflow/dags/historic_main.py
[2024-06-06T12:56:54.386+0000] {processor.py:830} INFO - Processing file /opt/airflow/dags/historic_main.py for tasks to queue
[2024-06-06T12:56:54.388+0000] {logging_mixin.py:188} INFO - [2024-06-06T12:56:54.388+0000] {dagbag.py:545} INFO - Filling up the DagBag from /opt/airflow/dags/historic_main.py
[2024-06-06T12:56:54.432+0000] {processor.py:840} INFO - DAG(s) 'historic_weather_data_dag' retrieved from /opt/airflow/dags/historic_main.py
[2024-06-06T12:56:54.523+0000] {logging_mixin.py:188} INFO - [2024-06-06T12:56:54.523+0000] {dag.py:3096} INFO - Sync 1 DAGs
[2024-06-06T12:56:54.533+0000] {logging_mixin.py:188} INFO - [2024-06-06T12:56:54.533+0000] {dag.py:3954} INFO - Setting next_dagrun for historic_weather_data_dag to None, run_after=None
[2024-06-06T12:56:54.969+0000] {processor.py:183} INFO - Processing /opt/airflow/dags/historic_main.py took 0.592 seconds
[2024-06-06T12:57:25.233+0000] {processor.py:161} INFO - Started process (PID=195) to work on /opt/airflow/dags/historic_main.py
[2024-06-06T12:57:25.235+0000] {processor.py:830} INFO - Processing file /opt/airflow/dags/historic_main.py for tasks to queue
[2024-06-06T12:57:25.236+0000] {logging_mixin.py:188} INFO - [2024-06-06T12:57:25.236+0000] {dagbag.py:545} INFO - Filling up the DagBag from /opt/airflow/dags/historic_main.py
[2024-06-06T12:57:25.281+0000] {processor.py:840} INFO - DAG(s) 'historic_weather_data_dag' retrieved from /opt/airflow/dags/historic_main.py
[2024-06-06T12:57:25.412+0000] {logging_mixin.py:188} INFO - [2024-06-06T12:57:25.412+0000] {dag.py:3096} INFO - Sync 1 DAGs
[2024-06-06T12:57:25.425+0000] {logging_mixin.py:188} INFO - [2024-06-06T12:57:25.424+0000] {dag.py:3954} INFO - Setting next_dagrun for historic_weather_data_dag to None, run_after=None
[2024-06-06T12:57:25.971+0000] {processor.py:183} INFO - Processing /opt/airflow/dags/historic_main.py took 0.745 seconds
[2024-06-06T12:57:56.189+0000] {processor.py:161} INFO - Started process (PID=197) to work on /opt/airflow/dags/historic_main.py
[2024-06-06T12:57:56.190+0000] {processor.py:830} INFO - Processing file /opt/airflow/dags/historic_main.py for tasks to queue
[2024-06-06T12:57:56.191+0000] {logging_mixin.py:188} INFO - [2024-06-06T12:57:56.191+0000] {dagbag.py:545} INFO - Filling up the DagBag from /opt/airflow/dags/historic_main.py
[2024-06-06T12:57:56.234+0000] {processor.py:840} INFO - DAG(s) 'historic_weather_data_dag' retrieved from /opt/airflow/dags/historic_main.py
[2024-06-06T12:57:56.364+0000] {logging_mixin.py:188} INFO - [2024-06-06T12:57:56.364+0000] {dag.py:3096} INFO - Sync 1 DAGs
[2024-06-06T12:57:56.377+0000] {logging_mixin.py:188} INFO - [2024-06-06T12:57:56.376+0000] {dag.py:3954} INFO - Setting next_dagrun for historic_weather_data_dag to None, run_after=None
[2024-06-06T12:57:57.490+0000] {processor.py:183} INFO - Processing /opt/airflow/dags/historic_main.py took 1.308 seconds
[2024-06-06T12:58:27.711+0000] {processor.py:161} INFO - Started process (PID=199) to work on /opt/airflow/dags/historic_main.py
[2024-06-06T12:58:27.863+0000] {processor.py:830} INFO - Processing file /opt/airflow/dags/historic_main.py for tasks to queue
[2024-06-06T12:58:27.868+0000] {logging_mixin.py:188} INFO - [2024-06-06T12:58:27.867+0000] {dagbag.py:545} INFO - Filling up the DagBag from /opt/airflow/dags/historic_main.py
[2024-06-06T12:58:27.934+0000] {processor.py:840} INFO - DAG(s) 'historic_weather_data_dag' retrieved from /opt/airflow/dags/historic_main.py
[2024-06-06T12:58:28.066+0000] {logging_mixin.py:188} INFO - [2024-06-06T12:58:28.066+0000] {dag.py:3096} INFO - Sync 1 DAGs
[2024-06-06T12:58:28.082+0000] {logging_mixin.py:188} INFO - [2024-06-06T12:58:28.081+0000] {dag.py:3954} INFO - Setting next_dagrun for historic_weather_data_dag to None, run_after=None
[2024-06-06T12:58:28.115+0000] {processor.py:183} INFO - Processing /opt/airflow/dags/historic_main.py took 0.409 seconds
[2024-06-06T12:58:58.328+0000] {processor.py:161} INFO - Started process (PID=201) to work on /opt/airflow/dags/historic_main.py
[2024-06-06T12:58:58.329+0000] {processor.py:830} INFO - Processing file /opt/airflow/dags/historic_main.py for tasks to queue
[2024-06-06T12:58:58.331+0000] {logging_mixin.py:188} INFO - [2024-06-06T12:58:58.330+0000] {dagbag.py:545} INFO - Filling up the DagBag from /opt/airflow/dags/historic_main.py
[2024-06-06T12:58:58.370+0000] {processor.py:840} INFO - DAG(s) 'historic_weather_data_dag' retrieved from /opt/airflow/dags/historic_main.py
[2024-06-06T12:58:58.467+0000] {logging_mixin.py:188} INFO - [2024-06-06T12:58:58.466+0000] {dag.py:3096} INFO - Sync 1 DAGs
[2024-06-06T12:58:58.503+0000] {logging_mixin.py:188} INFO - [2024-06-06T12:58:58.502+0000] {dag.py:3954} INFO - Setting next_dagrun for historic_weather_data_dag to None, run_after=None
[2024-06-06T12:58:58.527+0000] {processor.py:183} INFO - Processing /opt/airflow/dags/historic_main.py took 0.205 seconds
[2024-06-06T12:59:28.739+0000] {processor.py:161} INFO - Started process (PID=203) to work on /opt/airflow/dags/historic_main.py
[2024-06-06T12:59:28.825+0000] {processor.py:830} INFO - Processing file /opt/airflow/dags/historic_main.py for tasks to queue
[2024-06-06T12:59:28.827+0000] {logging_mixin.py:188} INFO - [2024-06-06T12:59:28.827+0000] {dagbag.py:545} INFO - Filling up the DagBag from /opt/airflow/dags/historic_main.py
[2024-06-06T12:59:28.886+0000] {processor.py:840} INFO - DAG(s) 'historic_weather_data_dag' retrieved from /opt/airflow/dags/historic_main.py
[2024-06-06T12:59:29.013+0000] {logging_mixin.py:188} INFO - [2024-06-06T12:59:29.012+0000] {dag.py:3096} INFO - Sync 1 DAGs
[2024-06-06T12:59:29.022+0000] {logging_mixin.py:188} INFO - [2024-06-06T12:59:29.022+0000] {dag.py:3954} INFO - Setting next_dagrun for historic_weather_data_dag to None, run_after=None
[2024-06-06T12:59:29.041+0000] {processor.py:183} INFO - Processing /opt/airflow/dags/historic_main.py took 0.308 seconds
[2024-06-06T12:59:59.290+0000] {processor.py:161} INFO - Started process (PID=205) to work on /opt/airflow/dags/historic_main.py
[2024-06-06T12:59:59.291+0000] {processor.py:830} INFO - Processing file /opt/airflow/dags/historic_main.py for tasks to queue
[2024-06-06T12:59:59.294+0000] {logging_mixin.py:188} INFO - [2024-06-06T12:59:59.293+0000] {dagbag.py:545} INFO - Filling up the DagBag from /opt/airflow/dags/historic_main.py
[2024-06-06T12:59:59.341+0000] {processor.py:840} INFO - DAG(s) 'historic_weather_data_dag' retrieved from /opt/airflow/dags/historic_main.py
[2024-06-06T12:59:59.434+0000] {logging_mixin.py:188} INFO - [2024-06-06T12:59:59.434+0000] {dag.py:3096} INFO - Sync 1 DAGs
[2024-06-06T12:59:59.443+0000] {logging_mixin.py:188} INFO - [2024-06-06T12:59:59.443+0000] {dag.py:3954} INFO - Setting next_dagrun for historic_weather_data_dag to None, run_after=None
[2024-06-06T13:00:00.232+0000] {processor.py:183} INFO - Processing /opt/airflow/dags/historic_main.py took 0.954 seconds
[2024-06-06T13:00:30.504+0000] {processor.py:161} INFO - Started process (PID=207) to work on /opt/airflow/dags/historic_main.py
[2024-06-06T13:00:30.512+0000] {processor.py:830} INFO - Processing file /opt/airflow/dags/historic_main.py for tasks to queue
[2024-06-06T13:00:30.513+0000] {logging_mixin.py:188} INFO - [2024-06-06T13:00:30.513+0000] {dagbag.py:545} INFO - Filling up the DagBag from /opt/airflow/dags/historic_main.py
[2024-06-06T13:00:30.550+0000] {processor.py:840} INFO - DAG(s) 'historic_weather_data_dag' retrieved from /opt/airflow/dags/historic_main.py
[2024-06-06T13:00:30.645+0000] {logging_mixin.py:188} INFO - [2024-06-06T13:00:30.645+0000] {dag.py:3096} INFO - Sync 1 DAGs
[2024-06-06T13:00:30.659+0000] {logging_mixin.py:188} INFO - [2024-06-06T13:00:30.659+0000] {dag.py:3954} INFO - Setting next_dagrun for historic_weather_data_dag to None, run_after=None
[2024-06-06T13:00:31.498+0000] {processor.py:183} INFO - Processing /opt/airflow/dags/historic_main.py took 1.003 seconds
[2024-06-06T13:01:01.724+0000] {processor.py:161} INFO - Started process (PID=209) to work on /opt/airflow/dags/historic_main.py
[2024-06-06T13:01:01.725+0000] {processor.py:830} INFO - Processing file /opt/airflow/dags/historic_main.py for tasks to queue
[2024-06-06T13:01:01.727+0000] {logging_mixin.py:188} INFO - [2024-06-06T13:01:01.727+0000] {dagbag.py:545} INFO - Filling up the DagBag from /opt/airflow/dags/historic_main.py
[2024-06-06T13:01:01.778+0000] {processor.py:840} INFO - DAG(s) 'historic_weather_data_dag' retrieved from /opt/airflow/dags/historic_main.py
[2024-06-06T13:01:01.926+0000] {logging_mixin.py:188} INFO - [2024-06-06T13:01:01.926+0000] {dag.py:3096} INFO - Sync 1 DAGs
[2024-06-06T13:01:01.938+0000] {logging_mixin.py:188} INFO - [2024-06-06T13:01:01.937+0000] {dag.py:3954} INFO - Setting next_dagrun for historic_weather_data_dag to None, run_after=None
[2024-06-06T13:01:02.672+0000] {processor.py:183} INFO - Processing /opt/airflow/dags/historic_main.py took 0.954 seconds
