[2024-06-06T12:28:14.158+0000] {manager.py:470} INFO - Processing files using up to 2 processes at a time 
[2024-06-06T12:28:14.158+0000] {manager.py:471} INFO - Process each file at most once every 30 seconds
[2024-06-06T12:28:14.158+0000] {manager.py:472} INFO - Checking for new files in /opt/airflow/dags every 300 seconds
[2024-06-06T12:28:14.159+0000] {manager.py:737} INFO - Searching for files in /opt/airflow/dags
[2024-06-06T12:28:14.162+0000] {manager.py:740} INFO - There are 2 files in /opt/airflow/dags
[2024-06-06T12:28:14.360+0000] {manager.py:878} INFO - 
================================================================================
DAG File Processing Stats

File Path                             PID  Runtime      # DAGs    # Errors  Last Runtime    Last Run
----------------------------------  -----  ---------  --------  ----------  --------------  ----------
/opt/airflow/dags/main.py              80  0.05s             0           0
/opt/airflow/dags/historic_main.py     81  0.04s             0           0
================================================================================
[2024-06-06T12:28:44.680+0000] {manager.py:878} INFO - 
================================================================================
DAG File Processing Stats

File Path                             PID  Runtime      # DAGs    # Errors  Last Runtime    Last Run
----------------------------------  -----  ---------  --------  ----------  --------------  -------------------
/opt/airflow/dags/main.py              82  0.03s             1           0  0.21s           2024-06-06T12:28:14
/opt/airflow/dags/historic_main.py     83  0.01s             1           0  0.19s           2024-06-06T12:28:14
================================================================================
[2024-06-06T12:29:14.828+0000] {manager.py:878} INFO - 
================================================================================
DAG File Processing Stats

File Path                           PID    Runtime      # DAGs    # Errors  Last Runtime    Last Run
----------------------------------  -----  ---------  --------  ----------  --------------  -------------------
/opt/airflow/dags/main.py                                    1           0  0.76s           2024-06-06T12:28:45
/opt/airflow/dags/historic_main.py                           1           0  0.74s           2024-06-06T12:28:45
================================================================================
[2024-06-06T12:29:45.078+0000] {manager.py:878} INFO - 
================================================================================
DAG File Processing Stats

File Path                           PID    Runtime      # DAGs    # Errors  Last Runtime    Last Run
----------------------------------  -----  ---------  --------  ----------  --------------  -------------------
/opt/airflow/dags/main.py                                    1           0  0.32s           2024-06-06T12:29:15
/opt/airflow/dags/historic_main.py                           1           0  0.28s           2024-06-06T12:29:15
================================================================================
[2024-06-06T12:30:15.520+0000] {manager.py:878} INFO - 
================================================================================
DAG File Processing Stats

File Path                           PID    Runtime      # DAGs    # Errors  Last Runtime    Last Run
----------------------------------  -----  ---------  --------  ----------  --------------  -------------------
/opt/airflow/dags/main.py                                    1           0  0.22s           2024-06-06T12:29:46
/opt/airflow/dags/historic_main.py                           1           0  0.20s           2024-06-06T12:29:46
================================================================================
[2024-06-06T12:30:45.657+0000] {manager.py:878} INFO - 
================================================================================
DAG File Processing Stats

File Path                           PID    Runtime      # DAGs    # Errors  Last Runtime    Last Run
----------------------------------  -----  ---------  --------  ----------  --------------  -------------------
/opt/airflow/dags/main.py                                    1           0  0.94s           2024-06-06T12:30:17
/opt/airflow/dags/historic_main.py                           1           0  0.92s           2024-06-06T12:30:17
================================================================================
[2024-06-06T12:31:15.938+0000] {manager.py:878} INFO - 
================================================================================
DAG File Processing Stats

File Path                           PID    Runtime      # DAGs    # Errors  Last Runtime    Last Run
----------------------------------  -----  ---------  --------  ----------  --------------  -------------------
/opt/airflow/dags/main.py                                    1           0  0.36s           2024-06-06T12:30:48
/opt/airflow/dags/historic_main.py                           1           0  0.34s           2024-06-06T12:30:48
================================================================================
[2024-06-06T12:31:46.145+0000] {manager.py:878} INFO - 
================================================================================
DAG File Processing Stats

File Path                           PID    Runtime      # DAGs    # Errors  Last Runtime    Last Run
----------------------------------  -----  ---------  --------  ----------  --------------  -------------------
/opt/airflow/dags/main.py                                    1           0  0.78s           2024-06-06T12:31:19
/opt/airflow/dags/historic_main.py                           1           0  0.77s           2024-06-06T12:31:19
================================================================================
[2024-06-06T12:32:16.386+0000] {manager.py:878} INFO - 
================================================================================
DAG File Processing Stats

File Path                           PID    Runtime      # DAGs    # Errors  Last Runtime    Last Run
----------------------------------  -----  ---------  --------  ----------  --------------  -------------------
/opt/airflow/dags/main.py                                    1           0  0.36s           2024-06-06T12:31:49
/opt/airflow/dags/historic_main.py                           1           0  0.34s           2024-06-06T12:31:49
================================================================================
[2024-06-06T12:32:46.913+0000] {manager.py:878} INFO - 
================================================================================
DAG File Processing Stats

File Path                           PID    Runtime      # DAGs    # Errors  Last Runtime    Last Run
----------------------------------  -----  ---------  --------  ----------  --------------  -------------------
/opt/airflow/dags/main.py                                    1           0  0.29s           2024-06-06T12:32:20
/opt/airflow/dags/historic_main.py                           1           0  0.27s           2024-06-06T12:32:20
================================================================================
[2024-06-06T12:33:14.354+0000] {manager.py:737} INFO - Searching for files in /opt/airflow/dags
[2024-06-06T12:33:14.361+0000] {manager.py:740} INFO - There are 2 files in /opt/airflow/dags
[2024-06-06T12:33:17.092+0000] {manager.py:878} INFO - 
================================================================================
DAG File Processing Stats

File Path                           PID    Runtime      # DAGs    # Errors  Last Runtime    Last Run
----------------------------------  -----  ---------  --------  ----------  --------------  -------------------
/opt/airflow/dags/main.py                                    1           0  0.74s           2024-06-06T12:32:50
/opt/airflow/dags/historic_main.py                           1           0  0.71s           2024-06-06T12:32:50
================================================================================
[2024-06-06T12:33:47.586+0000] {manager.py:878} INFO - 
================================================================================
DAG File Processing Stats

File Path                           PID    Runtime      # DAGs    # Errors  Last Runtime    Last Run
----------------------------------  -----  ---------  --------  ----------  --------------  -------------------
/opt/airflow/dags/main.py                                    1           0  0.44s           2024-06-06T12:33:21
/opt/airflow/dags/historic_main.py                           1           0  0.42s           2024-06-06T12:33:21
================================================================================
[2024-06-06T12:34:17.625+0000] {manager.py:878} INFO - 
================================================================================
DAG File Processing Stats

File Path                           PID    Runtime      # DAGs    # Errors  Last Runtime    Last Run
----------------------------------  -----  ---------  --------  ----------  --------------  -------------------
/opt/airflow/dags/main.py                                    1           0  0.84s           2024-06-06T12:33:52
/opt/airflow/dags/historic_main.py                           1           0  0.83s           2024-06-06T12:33:52
================================================================================
[2024-06-06T12:34:47.635+0000] {manager.py:878} INFO - 
================================================================================
DAG File Processing Stats

File Path                           PID    Runtime      # DAGs    # Errors  Last Runtime    Last Run
----------------------------------  -----  ---------  --------  ----------  --------------  -------------------
/opt/airflow/dags/main.py                                    1           0  0.83s           2024-06-06T12:34:23
/opt/airflow/dags/historic_main.py                           1           0  0.83s           2024-06-06T12:34:23
================================================================================
[2024-06-06T12:35:18.274+0000] {manager.py:878} INFO - 
================================================================================
DAG File Processing Stats

File Path                           PID    Runtime      # DAGs    # Errors  Last Runtime    Last Run
----------------------------------  -----  ---------  --------  ----------  --------------  -------------------
/opt/airflow/dags/main.py                                    1           0  0.66s           2024-06-06T12:34:54
/opt/airflow/dags/historic_main.py                           1           0  0.64s           2024-06-06T12:34:54
================================================================================
[2024-06-06T12:35:48.289+0000] {manager.py:878} INFO - 
================================================================================
DAG File Processing Stats

File Path                           PID    Runtime      # DAGs    # Errors  Last Runtime    Last Run
----------------------------------  -----  ---------  --------  ----------  --------------  -------------------
/opt/airflow/dags/main.py                                    1           0  0.62s           2024-06-06T12:35:25
/opt/airflow/dags/historic_main.py                           1           0  0.60s           2024-06-06T12:35:25
================================================================================
[2024-06-06T12:36:18.498+0000] {manager.py:878} INFO - 
================================================================================
DAG File Processing Stats

File Path                           PID    Runtime      # DAGs    # Errors  Last Runtime    Last Run
----------------------------------  -----  ---------  --------  ----------  --------------  -------------------
/opt/airflow/dags/main.py                                    1           0  0.34s           2024-06-06T12:35:55
/opt/airflow/dags/historic_main.py                           1           0  0.33s           2024-06-06T12:35:55
================================================================================
[2024-06-06T12:36:48.583+0000] {manager.py:878} INFO - 
================================================================================
DAG File Processing Stats

File Path                           PID    Runtime      # DAGs    # Errors  Last Runtime    Last Run
----------------------------------  -----  ---------  --------  ----------  --------------  -------------------
/opt/airflow/dags/main.py                                    1           0  0.58s           2024-06-06T12:36:26
/opt/airflow/dags/historic_main.py                           1           0  0.56s           2024-06-06T12:36:26
================================================================================
[2024-06-06T12:37:18.810+0000] {manager.py:878} INFO - 
================================================================================
DAG File Processing Stats

File Path                           PID    Runtime      # DAGs    # Errors  Last Runtime    Last Run
----------------------------------  -----  ---------  --------  ----------  --------------  -------------------
/opt/airflow/dags/main.py                                    1           0  0.44s           2024-06-06T12:36:57
/opt/airflow/dags/historic_main.py                           1           0  0.43s           2024-06-06T12:36:57
================================================================================
[2024-06-06T12:37:49.000+0000] {manager.py:878} INFO - 
================================================================================
DAG File Processing Stats

File Path                           PID    Runtime      # DAGs    # Errors  Last Runtime    Last Run
----------------------------------  -----  ---------  --------  ----------  --------------  -------------------
/opt/airflow/dags/main.py                                    1           0  0.70s           2024-06-06T12:37:27
/opt/airflow/dags/historic_main.py                           1           0  0.70s           2024-06-06T12:37:27
================================================================================
[2024-06-06T12:38:14.919+0000] {manager.py:737} INFO - Searching for files in /opt/airflow/dags
[2024-06-06T12:38:14.922+0000] {manager.py:740} INFO - There are 2 files in /opt/airflow/dags
[2024-06-06T12:38:19.971+0000] {manager.py:878} INFO - 
================================================================================
DAG File Processing Stats

File Path                           PID    Runtime      # DAGs    # Errors  Last Runtime    Last Run
----------------------------------  -----  ---------  --------  ----------  --------------  -------------------
/opt/airflow/dags/main.py                                    1           0  0.75s           2024-06-06T12:37:58
/opt/airflow/dags/historic_main.py                           1           0  0.71s           2024-06-06T12:37:58
================================================================================
[2024-06-06T12:38:50.172+0000] {manager.py:878} INFO - 
================================================================================
DAG File Processing Stats

File Path                           PID    Runtime      # DAGs    # Errors  Last Runtime    Last Run
----------------------------------  -----  ---------  --------  ----------  --------------  -------------------
/opt/airflow/dags/main.py                                    1           0  0.20s           2024-06-06T12:38:29
/opt/airflow/dags/historic_main.py                           1           0  0.20s           2024-06-06T12:38:29
================================================================================
[2024-06-06T12:39:20.396+0000] {manager.py:878} INFO - 
================================================================================
DAG File Processing Stats

File Path                           PID    Runtime      # DAGs    # Errors  Last Runtime    Last Run
----------------------------------  -----  ---------  --------  ----------  --------------  -------------------
/opt/airflow/dags/main.py                                    1           0  1.03s           2024-06-06T12:39:00
/opt/airflow/dags/historic_main.py                           1           0  1.00s           2024-06-06T12:39:00
================================================================================
[2024-06-06T12:39:50.679+0000] {manager.py:878} INFO - 
================================================================================
DAG File Processing Stats

File Path                           PID    Runtime      # DAGs    # Errors  Last Runtime    Last Run
----------------------------------  -----  ---------  --------  ----------  --------------  -------------------
/opt/airflow/dags/main.py                                    1           0  0.22s           2024-06-06T12:39:30
/opt/airflow/dags/historic_main.py                           1           0  0.20s           2024-06-06T12:39:30
================================================================================
[2024-06-06T12:40:20.963+0000] {manager.py:878} INFO - 
================================================================================
DAG File Processing Stats

File Path                           PID    Runtime      # DAGs    # Errors  Last Runtime    Last Run
----------------------------------  -----  ---------  --------  ----------  --------------  -------------------
/opt/airflow/dags/main.py                                    1           0  1.25s           2024-06-06T12:40:02
/opt/airflow/dags/historic_main.py                           1           0  1.23s           2024-06-06T12:40:02
================================================================================
[2024-06-06T12:40:51.294+0000] {manager.py:878} INFO - 
================================================================================
DAG File Processing Stats

File Path                           PID    Runtime      # DAGs    # Errors  Last Runtime    Last Run
----------------------------------  -----  ---------  --------  ----------  --------------  -------------------
/opt/airflow/dags/main.py                                    1           0  0.58s           2024-06-06T12:40:32
/opt/airflow/dags/historic_main.py                           1           0  0.57s           2024-06-06T12:40:32
================================================================================
[2024-06-06T12:41:22.131+0000] {manager.py:878} INFO - 
================================================================================
DAG File Processing Stats

File Path                           PID    Runtime      # DAGs    # Errors  Last Runtime    Last Run
----------------------------------  -----  ---------  --------  ----------  --------------  -------------------
/opt/airflow/dags/main.py                                    1           0  0.21s           2024-06-06T12:41:03
/opt/airflow/dags/historic_main.py                           1           0  0.19s           2024-06-06T12:41:02
================================================================================
[2024-06-06T12:41:52.370+0000] {manager.py:878} INFO - 
================================================================================
DAG File Processing Stats

File Path                           PID    Runtime      # DAGs    # Errors  Last Runtime    Last Run
----------------------------------  -----  ---------  --------  ----------  --------------  -------------------
/opt/airflow/dags/main.py                                    1           0  0.55s           2024-06-06T12:41:33
/opt/airflow/dags/historic_main.py                           1           0  0.53s           2024-06-06T12:41:33
================================================================================
[2024-06-06T12:42:23.104+0000] {manager.py:878} INFO - 
================================================================================
DAG File Processing Stats

File Path                           PID    Runtime      # DAGs    # Errors  Last Runtime    Last Run
----------------------------------  -----  ---------  --------  ----------  --------------  -------------------
/opt/airflow/dags/main.py                                    1           0  0.30s           2024-06-06T12:42:04
/opt/airflow/dags/historic_main.py                           1           0  0.28s           2024-06-06T12:42:04
================================================================================
[2024-06-06T12:42:53.760+0000] {manager.py:878} INFO - 
================================================================================
DAG File Processing Stats

File Path                           PID    Runtime      # DAGs    # Errors  Last Runtime    Last Run
----------------------------------  -----  ---------  --------  ----------  --------------  -------------------
/opt/airflow/dags/historic_main.py                           1           0  0.23s           2024-06-06T12:42:34
/opt/airflow/dags/main.py                                    1           0  0.22s           2024-06-06T12:42:34
================================================================================
[2024-06-06T12:43:15.508+0000] {manager.py:737} INFO - Searching for files in /opt/airflow/dags
[2024-06-06T12:43:15.516+0000] {manager.py:740} INFO - There are 2 files in /opt/airflow/dags
[2024-06-06T12:43:24.601+0000] {manager.py:878} INFO - 
================================================================================
DAG File Processing Stats

File Path                           PID    Runtime      # DAGs    # Errors  Last Runtime    Last Run
----------------------------------  -----  ---------  --------  ----------  --------------  -------------------
/opt/airflow/dags/main.py                                    1           0  0.61s           2024-06-06T12:43:05
/opt/airflow/dags/historic_main.py                           1           0  0.59s           2024-06-06T12:43:05
================================================================================
[2024-06-06T12:43:54.825+0000] {manager.py:878} INFO - 
================================================================================
DAG File Processing Stats

File Path                           PID    Runtime      # DAGs    # Errors  Last Runtime    Last Run
----------------------------------  -----  ---------  --------  ----------  --------------  -------------------
/opt/airflow/dags/main.py                                    1           0  1.30s           2024-06-06T12:43:36
/opt/airflow/dags/historic_main.py                           1           0  1.28s           2024-06-06T12:43:36
================================================================================
[2024-06-06T12:44:25.544+0000] {manager.py:878} INFO - 
================================================================================
DAG File Processing Stats

File Path                           PID    Runtime      # DAGs    # Errors  Last Runtime    Last Run
----------------------------------  -----  ---------  --------  ----------  --------------  -------------------
/opt/airflow/dags/main.py                                    1           0  0.28s           2024-06-06T12:44:07
/opt/airflow/dags/historic_main.py                           1           0  0.26s           2024-06-06T12:44:07
================================================================================
[2024-06-06T12:44:55.767+0000] {manager.py:878} INFO - 
================================================================================
DAG File Processing Stats

File Path                           PID    Runtime      # DAGs    # Errors  Last Runtime    Last Run
----------------------------------  -----  ---------  --------  ----------  --------------  -------------------
/opt/airflow/dags/main.py                                    1           0  0.76s           2024-06-06T12:44:38
/opt/airflow/dags/historic_main.py                           1           0  0.75s           2024-06-06T12:44:38
================================================================================
[2024-06-06T12:45:25.902+0000] {manager.py:878} INFO - 
================================================================================
DAG File Processing Stats

File Path                           PID    Runtime      # DAGs    # Errors  Last Runtime    Last Run
----------------------------------  -----  ---------  --------  ----------  --------------  -------------------
/opt/airflow/dags/main.py                                    1           0  0.21s           2024-06-06T12:45:08
/opt/airflow/dags/historic_main.py                           1           0  0.20s           2024-06-06T12:45:08
================================================================================
[2024-06-06T12:45:56.118+0000] {manager.py:878} INFO - 
================================================================================
DAG File Processing Stats

File Path                           PID    Runtime      # DAGs    # Errors  Last Runtime    Last Run
----------------------------------  -----  ---------  --------  ----------  --------------  -------------------
/opt/airflow/dags/main.py                                    1           0  0.25s           2024-06-06T12:45:39
/opt/airflow/dags/historic_main.py                           1           0  0.24s           2024-06-06T12:45:39
================================================================================
[2024-06-06T12:46:26.547+0000] {manager.py:878} INFO - 
================================================================================
DAG File Processing Stats

File Path                           PID    Runtime      # DAGs    # Errors  Last Runtime    Last Run
----------------------------------  -----  ---------  --------  ----------  --------------  -------------------
/opt/airflow/dags/main.py                                    1           0  0.26s           2024-06-06T12:46:09
/opt/airflow/dags/historic_main.py                           1           0  0.26s           2024-06-06T12:46:09
================================================================================
[2024-06-06T12:46:57.017+0000] {manager.py:878} INFO - 
================================================================================
DAG File Processing Stats

File Path                           PID    Runtime      # DAGs    # Errors  Last Runtime    Last Run
----------------------------------  -----  ---------  --------  ----------  --------------  -------------------
/opt/airflow/dags/main.py                                    1           0  0.22s           2024-06-06T12:46:40
/opt/airflow/dags/historic_main.py                           1           0  0.19s           2024-06-06T12:46:40
================================================================================
[2024-06-06T12:47:27.235+0000] {manager.py:878} INFO - 
================================================================================
DAG File Processing Stats

File Path                           PID    Runtime      # DAGs    # Errors  Last Runtime    Last Run
----------------------------------  -----  ---------  --------  ----------  --------------  -------------------
/opt/airflow/dags/main.py                                    1           0  1.02s           2024-06-06T12:47:11
/opt/airflow/dags/historic_main.py                           1           0  1.00s           2024-06-06T12:47:11
================================================================================
[2024-06-06T12:47:57.548+0000] {manager.py:878} INFO - 
================================================================================
DAG File Processing Stats

File Path                           PID    Runtime      # DAGs    # Errors  Last Runtime    Last Run
----------------------------------  -----  ---------  --------  ----------  --------------  -------------------
/opt/airflow/dags/main.py                                    1           0  0.45s           2024-06-06T12:47:41
/opt/airflow/dags/historic_main.py                           1           0  0.43s           2024-06-06T12:47:41
================================================================================
[2024-06-06T12:48:16.000+0000] {manager.py:737} INFO - Searching for files in /opt/airflow/dags
[2024-06-06T12:48:16.008+0000] {manager.py:740} INFO - There are 2 files in /opt/airflow/dags
[2024-06-06T12:48:28.111+0000] {manager.py:878} INFO - 
================================================================================
DAG File Processing Stats

File Path                           PID    Runtime      # DAGs    # Errors  Last Runtime    Last Run
----------------------------------  -----  ---------  --------  ----------  --------------  -------------------
/opt/airflow/dags/main.py                                    1           0  0.24s           2024-06-06T12:48:12
/opt/airflow/dags/historic_main.py                           1           0  0.22s           2024-06-06T12:48:12
================================================================================
[2024-06-06T12:48:58.493+0000] {manager.py:878} INFO - 
================================================================================
DAG File Processing Stats

File Path                           PID    Runtime      # DAGs    # Errors  Last Runtime    Last Run
----------------------------------  -----  ---------  --------  ----------  --------------  -------------------
/opt/airflow/dags/main.py                                    1           0  0.20s           2024-06-06T12:48:42
/opt/airflow/dags/historic_main.py                           1           0  0.18s           2024-06-06T12:48:42
================================================================================
[2024-06-06T12:49:28.923+0000] {manager.py:878} INFO - 
================================================================================
DAG File Processing Stats

File Path                           PID    Runtime      # DAGs    # Errors  Last Runtime    Last Run
----------------------------------  -----  ---------  --------  ----------  --------------  -------------------
/opt/airflow/dags/main.py                                    1           0  0.23s           2024-06-06T12:49:12
/opt/airflow/dags/historic_main.py                           1           0  0.21s           2024-06-06T12:49:12
================================================================================
[2024-06-06T12:49:59.366+0000] {manager.py:878} INFO - 
================================================================================
DAG File Processing Stats

File Path                           PID    Runtime      # DAGs    # Errors  Last Runtime    Last Run
----------------------------------  -----  ---------  --------  ----------  --------------  -------------------
/opt/airflow/dags/main.py                                    1           0  0.25s           2024-06-06T12:49:43
/opt/airflow/dags/historic_main.py                           1           0  0.23s           2024-06-06T12:49:43
================================================================================
[2024-06-06T12:50:29.789+0000] {manager.py:878} INFO - 
================================================================================
DAG File Processing Stats

File Path                           PID    Runtime      # DAGs    # Errors  Last Runtime    Last Run
----------------------------------  -----  ---------  --------  ----------  --------------  -------------------
/opt/airflow/dags/main.py                                    1           0  1.24s           2024-06-06T12:50:14
/opt/airflow/dags/historic_main.py                           1           0  1.20s           2024-06-06T12:50:14
================================================================================
[2024-06-06T12:51:00.277+0000] {manager.py:878} INFO - 
================================================================================
DAG File Processing Stats

File Path                           PID    Runtime      # DAGs    # Errors  Last Runtime    Last Run
----------------------------------  -----  ---------  --------  ----------  --------------  -------------------
/opt/airflow/dags/main.py                                    1           0  0.34s           2024-06-06T12:50:45
/opt/airflow/dags/historic_main.py                           1           0  0.27s           2024-06-06T12:50:45
================================================================================
[2024-06-06T12:51:30.704+0000] {manager.py:878} INFO - 
================================================================================
DAG File Processing Stats

File Path                           PID    Runtime      # DAGs    # Errors  Last Runtime    Last Run
----------------------------------  -----  ---------  --------  ----------  --------------  -------------------
/opt/airflow/dags/main.py                                    1           0  0.22s           2024-06-06T12:51:15
/opt/airflow/dags/historic_main.py                           1           0  0.19s           2024-06-06T12:51:15
================================================================================
[2024-06-06T12:52:01.211+0000] {manager.py:878} INFO - 
================================================================================
DAG File Processing Stats

File Path                           PID    Runtime      # DAGs    # Errors  Last Runtime    Last Run
----------------------------------  -----  ---------  --------  ----------  --------------  -------------------
/opt/airflow/dags/main.py                                    1           0  0.34s           2024-06-06T12:51:46
/opt/airflow/dags/historic_main.py                           1           0  0.29s           2024-06-06T12:51:46
================================================================================
[2024-06-06T12:52:31.417+0000] {manager.py:878} INFO - 
================================================================================
DAG File Processing Stats

File Path                           PID    Runtime      # DAGs    # Errors  Last Runtime    Last Run
----------------------------------  -----  ---------  --------  ----------  --------------  -------------------
/opt/airflow/dags/main.py                                    1           0  0.80s           2024-06-06T12:52:17
/opt/airflow/dags/historic_main.py                           1           0  0.80s           2024-06-06T12:52:17
================================================================================
[2024-06-06T12:53:01.599+0000] {manager.py:878} INFO - 
================================================================================
DAG File Processing Stats

File Path                           PID    Runtime      # DAGs    # Errors  Last Runtime    Last Run
----------------------------------  -----  ---------  --------  ----------  --------------  -------------------
/opt/airflow/dags/main.py                                    1           0  0.30s           2024-06-06T12:52:47
/opt/airflow/dags/historic_main.py                           1           0  0.28s           2024-06-06T12:52:47
================================================================================
[2024-06-06T12:53:16.693+0000] {manager.py:737} INFO - Searching for files in /opt/airflow/dags
[2024-06-06T12:53:16.700+0000] {manager.py:740} INFO - There are 2 files in /opt/airflow/dags
[2024-06-06T12:53:31.897+0000] {manager.py:878} INFO - 
================================================================================
DAG File Processing Stats

File Path                           PID    Runtime      # DAGs    # Errors  Last Runtime    Last Run
----------------------------------  -----  ---------  --------  ----------  --------------  -------------------
/opt/airflow/dags/main.py                                    1           0  0.26s           2024-06-06T12:53:17
/opt/airflow/dags/historic_main.py                           1           0  0.25s           2024-06-06T12:53:17
================================================================================
[2024-06-06T12:54:02.285+0000] {manager.py:878} INFO - 
================================================================================
DAG File Processing Stats

File Path                           PID    Runtime      # DAGs    # Errors  Last Runtime    Last Run
----------------------------------  -----  ---------  --------  ----------  --------------  -------------------
/opt/airflow/dags/main.py                                    1           0  0.61s           2024-06-06T12:53:48
/opt/airflow/dags/historic_main.py                           1           0  0.59s           2024-06-06T12:53:48
================================================================================
[2024-06-06T12:54:32.523+0000] {manager.py:878} INFO - 
================================================================================
DAG File Processing Stats

File Path                           PID    Runtime      # DAGs    # Errors  Last Runtime    Last Run
----------------------------------  -----  ---------  --------  ----------  --------------  -------------------
/opt/airflow/dags/main.py                                    1           0  1.45s           2024-06-06T12:54:20
/opt/airflow/dags/historic_main.py                           1           0  1.44s           2024-06-06T12:54:20
================================================================================
[2024-06-06T12:55:02.761+0000] {manager.py:878} INFO - 
================================================================================
DAG File Processing Stats

File Path                           PID    Runtime      # DAGs    # Errors  Last Runtime    Last Run
----------------------------------  -----  ---------  --------  ----------  --------------  -------------------
/opt/airflow/dags/main.py                                    1           0  0.74s           2024-06-06T12:54:51
/opt/airflow/dags/historic_main.py                           1           0  0.72s           2024-06-06T12:54:51
================================================================================
[2024-06-06T12:55:32.955+0000] {manager.py:878} INFO - 
================================================================================
DAG File Processing Stats

File Path                           PID    Runtime      # DAGs    # Errors  Last Runtime    Last Run
----------------------------------  -----  ---------  --------  ----------  --------------  -------------------
/opt/airflow/dags/main.py                                    1           0  0.74s           2024-06-06T12:55:22
/opt/airflow/dags/historic_main.py                           1           0  0.74s           2024-06-06T12:55:22
================================================================================
[2024-06-06T12:56:03.144+0000] {manager.py:878} INFO - 
================================================================================
DAG File Processing Stats

File Path                           PID    Runtime      # DAGs    # Errors  Last Runtime    Last Run
----------------------------------  -----  ---------  --------  ----------  --------------  -------------------
/opt/airflow/dags/main.py                                    1           0  0.62s           2024-06-06T12:55:53
/opt/airflow/dags/historic_main.py                           1           0  0.60s           2024-06-06T12:55:53
================================================================================
[2024-06-06T12:56:33.204+0000] {manager.py:878} INFO - 
================================================================================
DAG File Processing Stats

File Path                           PID    Runtime      # DAGs    # Errors  Last Runtime    Last Run
----------------------------------  -----  ---------  --------  ----------  --------------  -------------------
/opt/airflow/dags/main.py                                    1           0  0.85s           2024-06-06T12:56:24
/opt/airflow/dags/historic_main.py                           1           0  0.85s           2024-06-06T12:56:24
================================================================================
[2024-06-06T12:57:03.542+0000] {manager.py:878} INFO - 
================================================================================
DAG File Processing Stats

File Path                           PID    Runtime      # DAGs    # Errors  Last Runtime    Last Run
----------------------------------  -----  ---------  --------  ----------  --------------  -------------------
/opt/airflow/dags/main.py                                    1           0  0.66s           2024-06-06T12:56:55
/opt/airflow/dags/historic_main.py                           1           0  0.65s           2024-06-06T12:56:55
================================================================================
[2024-06-06T12:57:33.746+0000] {manager.py:878} INFO - 
================================================================================
DAG File Processing Stats

File Path                           PID    Runtime      # DAGs    # Errors  Last Runtime    Last Run
----------------------------------  -----  ---------  --------  ----------  --------------  -------------------
/opt/airflow/dags/main.py                                    1           0  0.80s           2024-06-06T12:57:25
/opt/airflow/dags/historic_main.py                           1           0  0.78s           2024-06-06T12:57:25
================================================================================
[2024-06-06T12:58:04.234+0000] {manager.py:878} INFO - 
================================================================================
DAG File Processing Stats

File Path                           PID    Runtime      # DAGs    # Errors  Last Runtime    Last Run
----------------------------------  -----  ---------  --------  ----------  --------------  -------------------
/opt/airflow/dags/main.py                                    1           0  1.34s           2024-06-06T12:57:57
/opt/airflow/dags/historic_main.py                           1           0  1.33s           2024-06-06T12:57:57
================================================================================
[2024-06-06T12:58:17.350+0000] {manager.py:737} INFO - Searching for files in /opt/airflow/dags
[2024-06-06T12:58:17.356+0000] {manager.py:740} INFO - There are 2 files in /opt/airflow/dags
[2024-06-06T12:58:34.751+0000] {manager.py:878} INFO - 
================================================================================
DAG File Processing Stats

File Path                           PID    Runtime      # DAGs    # Errors  Last Runtime    Last Run
----------------------------------  -----  ---------  --------  ----------  --------------  -------------------
/opt/airflow/dags/main.py                                    1           0  0.43s           2024-06-06T12:58:28
/opt/airflow/dags/historic_main.py                           1           0  0.42s           2024-06-06T12:58:28
================================================================================
[2024-06-06T12:59:05.368+0000] {manager.py:878} INFO - 
================================================================================
DAG File Processing Stats

File Path                           PID    Runtime      # DAGs    # Errors  Last Runtime    Last Run
----------------------------------  -----  ---------  --------  ----------  --------------  -------------------
/opt/airflow/dags/main.py                                    1           0  0.23s           2024-06-06T12:58:58
/opt/airflow/dags/historic_main.py                           1           0  0.22s           2024-06-06T12:58:58
================================================================================
[2024-06-06T12:59:36.103+0000] {manager.py:878} INFO - 
================================================================================
DAG File Processing Stats

File Path                           PID    Runtime      # DAGs    # Errors  Last Runtime    Last Run
----------------------------------  -----  ---------  --------  ----------  --------------  -------------------
/opt/airflow/dags/main.py                                    1           0  0.34s           2024-06-06T12:59:29
/opt/airflow/dags/historic_main.py                           1           0  0.32s           2024-06-06T12:59:29
================================================================================
[2024-06-06T13:00:06.307+0000] {manager.py:878} INFO - 
================================================================================
DAG File Processing Stats

File Path                           PID    Runtime      # DAGs    # Errors  Last Runtime    Last Run
----------------------------------  -----  ---------  --------  ----------  --------------  -------------------
/opt/airflow/dags/main.py                                    1           0  1.00s           2024-06-06T13:00:00
/opt/airflow/dags/historic_main.py                           1           0  0.99s           2024-06-06T13:00:00
================================================================================
[2024-06-06T13:00:36.540+0000] {manager.py:878} INFO - 
================================================================================
DAG File Processing Stats

File Path                           PID    Runtime      # DAGs    # Errors  Last Runtime    Last Run
----------------------------------  -----  ---------  --------  ----------  --------------  -------------------
/opt/airflow/dags/main.py                                    1           0  1.07s           2024-06-06T13:00:31
/opt/airflow/dags/historic_main.py                           1           0  1.05s           2024-06-06T13:00:31
================================================================================
[2024-06-06T13:01:06.725+0000] {manager.py:878} INFO - 
================================================================================
DAG File Processing Stats

File Path                           PID    Runtime      # DAGs    # Errors  Last Runtime    Last Run
----------------------------------  -----  ---------  --------  ----------  --------------  -------------------
/opt/airflow/dags/main.py                                    1           0  1.00s           2024-06-06T13:01:02
/opt/airflow/dags/historic_main.py                           1           0  0.98s           2024-06-06T13:01:02
================================================================================
